<?xml version="1.0" encoding="UTF-8"?>
<robot generator="Robot 7.0 (Python 3.12.2 on win32)" generated="2024-05-28T11:53:33.980883" rpa="false" schemaversion="5">
<suite id="s1" name="Test Computerservice" source="D:\final_project\TestCases\Test_Computerservice.robot">
<test id="s1-t1" name="Validate Search Field" line="13">
<kw name="Open the Browser with url" type="SETUP" source_name="${len}">
<kw name="get text xpath://div[@class='center-2']" source_name="${len}">
<kw name="get text xpath://div[@class='center-2']" source_name="${len}">
<kw name="get text xpath://div[@class='center-2']" source_name="${len}">
<kw name="get text xpath://div[@class='center-2']" source_name="${len}">
<kw name="get text xpath://div[@class='center-2']" source_name="${len}">
<kw name="get text xpath://div[@class='center-2']" source_name="${len}">
<kw name="get text xpath://div[@class='center-2']" source_name="${len}">
<kw name="get text xpath://div[@class='center-2']" source_name="${len}">
<kw name="get text xpath://div[@class='center-2']" source_name="${len}">
<kw name="get text xpath://div[@class='center-2']" source_name="${len}">
<kw name="get text xpath://div[@class='center-2']" source_name="${len}">
<kw name="get text xpath://div[@class='center-2']" source_name="${len}">
<kw name="get text xpath://div[@class='center-2']" source_name="${len}">
<kw name="get text xpath://div[@class='center-2']" source_name="${len}">
<kw name="get text xpath://div[@class='center-2']" source_name="${len}">
<kw name="get text xpath://div[@class='center-2']" source_name="${len}">
<kw name="get text xpath://div[@class='center-2']" source_name="${len}">
<kw name="get text xpath://div[@class='center-2']" source_name="${len}">
<kw name="get text xpath://div[@class='center-2']" source_name="${len}">
<kw name="get text xpath://div[@class='center-2']" source_name="${len}">
<kw name="get text xpath://div[@class='center-2']" source_name="${len}">
<kw name="get text xpath://div[@class='center-2']" source_name="${len}">
<kw name="get text xpath://div[@class='center-2']" source_name="${len}">
<kw name="get text xpath://div[@class='center-2']" source_name="${len}">
<kw name="get text xpath://div[@class='center-2']" source_name="${len}">
<kw name="get text xpath://div[@class='center-2']" source_name="${len}">
<kw name="get text xpath://div[@class='center-2']" source_name="${len}">
<kw name="get text xpath://div[@class='center-2']" source_name="${len}">
<kw name="get text xpath://div[@class='center-2']" source_name="${len}">
<kw name="get text xpath://div[@class='center-2']" source_name="${len}">
<kw name="get text xpath://div[@class='center-2']" source_name="${len}">
<kw name="get text xpath://div[@class='center-2']" source_name="${len}">
<kw name="get text xpath://div[@class='center-2']" source_name="${len}">
<kw name="get text xpath://div[@class='center-2']" source_name="${len}">
<kw name="get text xpath://div[@class='center-2']" source_name="${len}">
<kw name="get text xpath://div[@class='center-2']" source_name="${len}">
<kw name="get text xpath://div[@class='center-2']" source_name="${len}">
<kw name="get text xpath://div[@class='center-2']" source_name="${len}">
<kw name="get text xpath://div[@class='center-2']" source_name="${len}">
<kw name="get text xpath://div[@class='center-2']" source_name="${len}">
<kw name="get text xpath://div[@class='center-2']" source_name="${len}">
<kw name="get text xpath://div[@class='center-2']" source_name="${len}">
<kw name="get text xpath://div[@class='center-2']" source_name="${len}">
<kw name="get text xpath://div[@class='center-2']" source_name="${len}">
<kw name="get text xpath://div[@class='center-2']" source_name="${len}">
<kw name="get text xpath://div[@class='center-2']" source_name="${len}">
<kw name="get text xpath://div[@class='center-2']" source_name="${len}">
<kw name="get text xpath://div[@class='center-2']" source_name="${len}">
<kw name="get text xpath://div[@class='center-2']" source_name="${len}">
<kw name="get text xpath://div[@class='center-2']" source_name="${len}">
<kw name="get text xpath://div[@class='center-2']" source_name="${len}">
<kw name="get text xpath://div[@class='center-2']" source_name="${len}">
<kw name="get text xpath://div[@class='center-2']" source_name="${len}">
<kw name="get text xpath://div[@class='center-2']" source_name="${len}">
<kw name="get text xpath://div[@class='center-2']" source_name="${len}">
<kw name="get text xpath://div[@class='center-2']" source_name="${len}">
<kw name="get text xpath://div[@class='center-2']" source_name="${len}">
<kw name="get text xpath://div[@class='center-2']" source_name="${len}">
<kw name="get text xpath://div[@class='center-2']" source_name="${len}">
<kw name="get text xpath://div[@class='center-2']" source_name="${len}">
<kw name="get text xpath://div[@class='center-2']" source_name="${len}">
<kw name="get text xpath://div[@class='center-2']" source_name="${len}">
<kw name="get text xpath://div[@class='center-2']" source_name="${len}">
<kw name="get text xpath://div[@class='center-2']" source_name="${len}">
<kw name="get text xpath://div[@class='center-2']" source_name="${len}">
<kw name="get text xpath://div[@class='center-2']" source_name="${len}">
<kw name="get text xpath://div[@class='center-2']" source_name="${len}">
<kw name="get text xpath://div[@class='center-2']" source_name="${len}">
<kw name="get text xpath://div[@class='center-2']" source_name="${len}">
<kw name="get text xpath://div[@class='center-2']" source_name="${len}">
<kw name="get text xpath://div[@class='center-2']" source_name="${len}">
<kw name="get text xpath://div[@class='center-2']" source_name="${len}">
<kw name="get text xpath://div[@class='center-2']" source_name="${len}">
<kw name="get text xpath://div[@class='center-2']" source_name="${len}">
<kw name="get text xpath://div[@class='center-2']" source_name="${len}">
<kw name="get text xpath://div[@class='center-2']" source_name="${len}">
<kw name="get text xpath://div[@class='center-2']" source_name="${len}">
<kw name="get text xpath://div[@class='center-2']" source_name="${len}">
<kw name="get text xpath://div[@class='center-2']" source_name="${len}">
<kw name="get text xpath://div[@class='center-2']" source_name="${len}">
<kw name="get text xpath://div[@class='center-2']" source_name="${len}">
<kw name="get text xpath://div[@class='center-2']" source_name="${len}">
<kw name="get text xpath://div[@class='center-2']" source_name="${len}">
<kw name="get text xpath://div[@class='center-2']" source_name="${len}">
<kw name="get text xpath://div[@class='center-2']" source_name="${len}">
<kw name="get text xpath://div[@class='center-2']" source_name="${len}">
<kw name="get text xpath://div[@class='center-2']" source_name="${len}">
<kw name="get text xpath://div[@class='center-2']" source_name="${len}">
<kw name="get text xpath://div[@class='center-2']" source_name="${len}">
<kw name="get text xpath://div[@class='center-2']" source_name="${len}">
<kw name="get text xpath://div[@class='center-2']" source_name="${len}">
<kw name="get text xpath://div[@class='center-2']" source_name="${len}">
<kw name="get text xpath://div[@class='center-2']" source_name="${len}">
<kw name="get text xpath://div[@class='center-2']" source_name="${len}">
<kw name="get text xpath://div[@class='center-2']" source_name="${len}">
<kw name="get text xpath://div[@class='center-2']" source_name="${len}">
<kw name="get text xpath://div[@class='center-2']" source_name="${len}">
<kw name="get text xpath://div[@class='center-2']" source_name="${len}">
<kw name="get text xpath://div[@class='center-2']" source_name="${len}">
<msg time="2024-05-28T11:53:34.445592" level="FAIL">Maximum limit of started keywords and control structures exceeded.</msg>
<status status="FAIL" start="2024-05-28T11:53:34.445592" elapsed="0.001006">Maximum limit of started keywords and control structures exceeded.</status>
</kw>
<status status="FAIL" start="2024-05-28T11:53:34.444591" elapsed="0.006030">Maximum limit of started keywords and control structures exceeded.</status>
</kw>
<status status="FAIL" start="2024-05-28T11:53:34.444591" elapsed="0.006030">Maximum limit of started keywords and control structures exceeded.</status>
</kw>
<status status="FAIL" start="2024-05-28T11:53:34.444591" elapsed="0.007014">Maximum limit of started keywords and control structures exceeded.</status>
</kw>
<status status="FAIL" start="2024-05-28T11:53:34.443594" elapsed="0.008011">Maximum limit of started keywords and control structures exceeded.</status>
</kw>
<status status="FAIL" start="2024-05-28T11:53:34.443594" elapsed="0.009102">Maximum limit of started keywords and control structures exceeded.</status>
</kw>
<status status="FAIL" start="2024-05-28T11:53:34.443594" elapsed="0.009102">Maximum limit of started keywords and control structures exceeded.</status>
</kw>
<status status="FAIL" start="2024-05-28T11:53:34.443594" elapsed="0.010006">Maximum limit of started keywords and control structures exceeded.</status>
</kw>
<status status="FAIL" start="2024-05-28T11:53:34.443594" elapsed="0.010006">Maximum limit of started keywords and control structures exceeded.</status>
</kw>
<status status="FAIL" start="2024-05-28T11:53:34.442592" elapsed="0.011008">Maximum limit of started keywords and control structures exceeded.</status>
</kw>
<status status="FAIL" start="2024-05-28T11:53:34.442592" elapsed="0.012005">Maximum limit of started keywords and control structures exceeded.</status>
</kw>
<status status="FAIL" start="2024-05-28T11:53:34.442592" elapsed="0.012005">Maximum limit of started keywords and control structures exceeded.</status>
</kw>
<status status="FAIL" start="2024-05-28T11:53:34.442592" elapsed="0.012005">Maximum limit of started keywords and control structures exceeded.</status>
</kw>
<status status="FAIL" start="2024-05-28T11:53:34.441594" elapsed="0.013003">Maximum limit of started keywords and control structures exceeded.</status>
</kw>
<status status="FAIL" start="2024-05-28T11:53:34.441594" elapsed="0.013003">Maximum limit of started keywords and control structures exceeded.</status>
</kw>
<status status="FAIL" start="2024-05-28T11:53:34.440596" elapsed="0.015000">Maximum limit of started keywords and control structures exceeded.</status>
</kw>
<status status="FAIL" start="2024-05-28T11:53:34.439650" elapsed="0.015946">Maximum limit of started keywords and control structures exceeded.</status>
</kw>
<status status="FAIL" start="2024-05-28T11:53:34.439650" elapsed="0.015946">Maximum limit of started keywords and control structures exceeded.</status>
</kw>
<status status="FAIL" start="2024-05-28T11:53:34.438666" elapsed="0.017937">Maximum limit of started keywords and control structures exceeded.</status>
</kw>
<status status="FAIL" start="2024-05-28T11:53:34.438666" elapsed="0.017937">Maximum limit of started keywords and control structures exceeded.</status>
</kw>
<status status="FAIL" start="2024-05-28T11:53:34.438666" elapsed="0.017937">Maximum limit of started keywords and control structures exceeded.</status>
</kw>
<status status="FAIL" start="2024-05-28T11:53:34.438666" elapsed="0.017937">Maximum limit of started keywords and control structures exceeded.</status>
</kw>
<status status="FAIL" start="2024-05-28T11:53:34.437685" elapsed="0.019947">Maximum limit of started keywords and control structures exceeded.</status>
</kw>
<status status="FAIL" start="2024-05-28T11:53:34.437685" elapsed="0.019947">Maximum limit of started keywords and control structures exceeded.</status>
</kw>
<status status="FAIL" start="2024-05-28T11:53:34.437685" elapsed="0.020909">Maximum limit of started keywords and control structures exceeded.</status>
</kw>
<status status="FAIL" start="2024-05-28T11:53:34.436606" elapsed="0.021988">Maximum limit of started keywords and control structures exceeded.</status>
</kw>
<status status="FAIL" start="2024-05-28T11:53:34.436606" elapsed="0.021988">Maximum limit of started keywords and control structures exceeded.</status>
</kw>
<status status="FAIL" start="2024-05-28T11:53:34.436606" elapsed="0.021988">Maximum limit of started keywords and control structures exceeded.</status>
</kw>
<status status="FAIL" start="2024-05-28T11:53:34.435601" elapsed="0.024030">Maximum limit of started keywords and control structures exceeded.</status>
</kw>
<status status="FAIL" start="2024-05-28T11:53:34.434601" elapsed="0.025030">Maximum limit of started keywords and control structures exceeded.</status>
</kw>
<status status="FAIL" start="2024-05-28T11:53:34.432594" elapsed="0.027037">Maximum limit of started keywords and control structures exceeded.</status>
</kw>
<status status="FAIL" start="2024-05-28T11:53:34.432594" elapsed="0.027037">Maximum limit of started keywords and control structures exceeded.</status>
</kw>
<status status="FAIL" start="2024-05-28T11:53:34.431598" elapsed="0.028993">Maximum limit of started keywords and control structures exceeded.</status>
</kw>
<status status="FAIL" start="2024-05-28T11:53:34.431598" elapsed="0.028993">Maximum limit of started keywords and control structures exceeded.</status>
</kw>
<status status="FAIL" start="2024-05-28T11:53:34.430595" elapsed="0.029996">Maximum limit of started keywords and control structures exceeded.</status>
</kw>
<status status="FAIL" start="2024-05-28T11:53:34.430595" elapsed="0.029996">Maximum limit of started keywords and control structures exceeded.</status>
</kw>
<status status="FAIL" start="2024-05-28T11:53:34.430595" elapsed="0.029996">Maximum limit of started keywords and control structures exceeded.</status>
</kw>
<status status="FAIL" start="2024-05-28T11:53:34.429608" elapsed="0.031989">Maximum limit of started keywords and control structures exceeded.</status>
</kw>
<status status="FAIL" start="2024-05-28T11:53:34.429608" elapsed="0.031989">Maximum limit of started keywords and control structures exceeded.</status>
</kw>
<status status="FAIL" start="2024-05-28T11:53:34.429608" elapsed="0.031989">Maximum limit of started keywords and control structures exceeded.</status>
</kw>
<status status="FAIL" start="2024-05-28T11:53:34.429608" elapsed="0.031989">Maximum limit of started keywords and control structures exceeded.</status>
</kw>
<status status="FAIL" start="2024-05-28T11:53:34.428664" elapsed="0.032933">Maximum limit of started keywords and control structures exceeded.</status>
</kw>
<status status="FAIL" start="2024-05-28T11:53:34.428664" elapsed="0.032933">Maximum limit of started keywords and control structures exceeded.</status>
</kw>
<status status="FAIL" start="2024-05-28T11:53:34.428664" elapsed="0.033926">Maximum limit of started keywords and control structures exceeded.</status>
</kw>
<status status="FAIL" start="2024-05-28T11:53:34.428664" elapsed="0.033926">Maximum limit of started keywords and control structures exceeded.</status>
</kw>
<status status="FAIL" start="2024-05-28T11:53:34.427600" elapsed="0.034990">Maximum limit of started keywords and control structures exceeded.</status>
</kw>
<status status="FAIL" start="2024-05-28T11:53:34.427600" elapsed="0.035995">Maximum limit of started keywords and control structures exceeded.</status>
</kw>
<status status="FAIL" start="2024-05-28T11:53:34.427600" elapsed="0.035995">Maximum limit of started keywords and control structures exceeded.</status>
</kw>
<status status="FAIL" start="2024-05-28T11:53:34.426602" elapsed="0.036993">Maximum limit of started keywords and control structures exceeded.</status>
</kw>
<status status="FAIL" start="2024-05-28T11:53:34.426602" elapsed="0.037993">Maximum limit of started keywords and control structures exceeded.</status>
</kw>
<status status="FAIL" start="2024-05-28T11:53:34.426602" elapsed="0.037993">Maximum limit of started keywords and control structures exceeded.</status>
</kw>
<status status="FAIL" start="2024-05-28T11:53:34.426602" elapsed="0.037993">Maximum limit of started keywords and control structures exceeded.</status>
</kw>
<status status="FAIL" start="2024-05-28T11:53:34.425594" elapsed="0.039999">Maximum limit of started keywords and control structures exceeded.</status>
</kw>
<status status="FAIL" start="2024-05-28T11:53:34.425594" elapsed="0.039999">Maximum limit of started keywords and control structures exceeded.</status>
</kw>
<status status="FAIL" start="2024-05-28T11:53:34.425594" elapsed="0.041001">Maximum limit of started keywords and control structures exceeded.</status>
</kw>
<status status="FAIL" start="2024-05-28T11:53:34.425594" elapsed="0.041001">Maximum limit of started keywords and control structures exceeded.</status>
</kw>
<status status="FAIL" start="2024-05-28T11:53:34.424594" elapsed="0.042001">Maximum limit of started keywords and control structures exceeded.</status>
</kw>
<status status="FAIL" start="2024-05-28T11:53:34.424594" elapsed="0.042001">Maximum limit of started keywords and control structures exceeded.</status>
</kw>
<status status="FAIL" start="2024-05-28T11:53:34.423638" elapsed="0.042957">Maximum limit of started keywords and control structures exceeded.</status>
</kw>
<status status="FAIL" start="2024-05-28T11:53:34.423638" elapsed="0.044953">Maximum limit of started keywords and control structures exceeded.</status>
</kw>
<status status="FAIL" start="2024-05-28T11:53:34.422647" elapsed="0.045944">Maximum limit of started keywords and control structures exceeded.</status>
</kw>
<status status="FAIL" start="2024-05-28T11:53:34.422647" elapsed="0.046983">Maximum limit of started keywords and control structures exceeded.</status>
</kw>
<status status="FAIL" start="2024-05-28T11:53:34.422647" elapsed="0.046983">Maximum limit of started keywords and control structures exceeded.</status>
</kw>
<status status="FAIL" start="2024-05-28T11:53:34.422647" elapsed="0.046983">Maximum limit of started keywords and control structures exceeded.</status>
</kw>
<status status="FAIL" start="2024-05-28T11:53:34.421668" elapsed="0.047962">Maximum limit of started keywords and control structures exceeded.</status>
</kw>
<status status="FAIL" start="2024-05-28T11:53:34.421668" elapsed="0.047962">Maximum limit of started keywords and control structures exceeded.</status>
</kw>
<status status="FAIL" start="2024-05-28T11:53:34.421668" elapsed="0.048922">Maximum limit of started keywords and control structures exceeded.</status>
</kw>
<status status="FAIL" start="2024-05-28T11:53:34.421668" elapsed="0.048922">Maximum limit of started keywords and control structures exceeded.</status>
</kw>
<status status="FAIL" start="2024-05-28T11:53:34.421668" elapsed="0.048922">Maximum limit of started keywords and control structures exceeded.</status>
</kw>
<status status="FAIL" start="2024-05-28T11:53:34.420646" elapsed="0.049944">Maximum limit of started keywords and control structures exceeded.</status>
</kw>
<status status="FAIL" start="2024-05-28T11:53:34.420646" elapsed="0.049944">Maximum limit of started keywords and control structures exceeded.</status>
</kw>
<status status="FAIL" start="2024-05-28T11:53:34.420646" elapsed="0.049944">Maximum limit of started keywords and control structures exceeded.</status>
</kw>
<status status="FAIL" start="2024-05-28T11:53:34.420646" elapsed="0.049944">Maximum limit of started keywords and control structures exceeded.</status>
</kw>
<status status="FAIL" start="2024-05-28T11:53:34.420646" elapsed="0.050943">Maximum limit of started keywords and control structures exceeded.</status>
</kw>
<status status="FAIL" start="2024-05-28T11:53:34.419644" elapsed="0.051945">Maximum limit of started keywords and control structures exceeded.</status>
</kw>
<status status="FAIL" start="2024-05-28T11:53:34.419644" elapsed="0.051945">Maximum limit of started keywords and control structures exceeded.</status>
</kw>
<status status="FAIL" start="2024-05-28T11:53:34.419644" elapsed="0.051945">Maximum limit of started keywords and control structures exceeded.</status>
</kw>
<status status="FAIL" start="2024-05-28T11:53:34.419644" elapsed="0.051945">Maximum limit of started keywords and control structures exceeded.</status>
</kw>
<status status="FAIL" start="2024-05-28T11:53:34.418642" elapsed="0.053948">Maximum limit of started keywords and control structures exceeded.</status>
</kw>
<status status="FAIL" start="2024-05-28T11:53:34.418642" elapsed="0.053948">Maximum limit of started keywords and control structures exceeded.</status>
</kw>
<status status="FAIL" start="2024-05-28T11:53:34.418642" elapsed="0.053948">Maximum limit of started keywords and control structures exceeded.</status>
</kw>
<status status="FAIL" start="2024-05-28T11:53:34.418642" elapsed="0.053948">Maximum limit of started keywords and control structures exceeded.</status>
</kw>
<status status="FAIL" start="2024-05-28T11:53:34.418642" elapsed="0.053948">Maximum limit of started keywords and control structures exceeded.</status>
</kw>
<status status="FAIL" start="2024-05-28T11:53:34.418642" elapsed="0.053948">Maximum limit of started keywords and control structures exceeded.</status>
</kw>
<status status="FAIL" start="2024-05-28T11:53:34.418642" elapsed="0.053948">Maximum limit of started keywords and control structures exceeded.</status>
</kw>
<status status="FAIL" start="2024-05-28T11:53:34.417642" elapsed="0.054948">Maximum limit of started keywords and control structures exceeded.</status>
</kw>
<status status="FAIL" start="2024-05-28T11:53:34.417642" elapsed="0.054948">Maximum limit of started keywords and control structures exceeded.</status>
</kw>
<status status="FAIL" start="2024-05-28T11:53:34.417642" elapsed="0.054948">Maximum limit of started keywords and control structures exceeded.</status>
</kw>
<status status="FAIL" start="2024-05-28T11:53:34.417642" elapsed="0.054948">Maximum limit of started keywords and control structures exceeded.</status>
</kw>
<status status="FAIL" start="2024-05-28T11:53:34.416645" elapsed="0.056945">Maximum limit of started keywords and control structures exceeded.</status>
</kw>
<status status="FAIL" start="2024-05-28T11:53:34.416645" elapsed="0.056945">Maximum limit of started keywords and control structures exceeded.</status>
</kw>
<status status="FAIL" start="2024-05-28T11:53:34.416645" elapsed="0.056945">Maximum limit of started keywords and control structures exceeded.</status>
</kw>
<status status="FAIL" start="2024-05-28T11:53:34.416645" elapsed="0.056945">Maximum limit of started keywords and control structures exceeded.</status>
</kw>
<status status="FAIL" start="2024-05-28T11:53:34.416645" elapsed="0.056945">Maximum limit of started keywords and control structures exceeded.</status>
</kw>
<status status="FAIL" start="2024-05-28T11:53:34.415642" elapsed="0.057948">Maximum limit of started keywords and control structures exceeded.</status>
</kw>
<status status="FAIL" start="2024-05-28T11:53:34.415642" elapsed="0.057948">Maximum limit of started keywords and control structures exceeded.</status>
</kw>
<status status="FAIL" start="2024-05-28T11:53:34.415642" elapsed="0.057948">Maximum limit of started keywords and control structures exceeded.</status>
</kw>
<status status="FAIL" start="2024-05-28T11:53:34.415642" elapsed="0.057948">Maximum limit of started keywords and control structures exceeded.</status>
</kw>
<status status="FAIL" start="2024-05-28T11:53:34.415642" elapsed="0.057948">Maximum limit of started keywords and control structures exceeded.</status>
</kw>
<status status="FAIL" start="2024-05-28T11:53:34.414593" elapsed="0.058997">Maximum limit of started keywords and control structures exceeded.</status>
</kw>
<kw name="Close Browser Session" type="TEARDOWN" source_name="${len}">
<kw name="get text xpath://div[@class='center-2']" source_name="${len}">
<kw name="get text xpath://div[@class='center-2']" source_name="${len}">
<kw name="get text xpath://div[@class='center-2']" source_name="${len}">
<kw name="get text xpath://div[@class='center-2']" source_name="${len}">
<kw name="get text xpath://div[@class='center-2']" source_name="${len}">
<kw name="get text xpath://div[@class='center-2']" source_name="${len}">
<kw name="get text xpath://div[@class='center-2']" source_name="${len}">
<kw name="get text xpath://div[@class='center-2']" source_name="${len}">
<kw name="get text xpath://div[@class='center-2']" source_name="${len}">
<kw name="get text xpath://div[@class='center-2']" source_name="${len}">
<kw name="get text xpath://div[@class='center-2']" source_name="${len}">
<kw name="get text xpath://div[@class='center-2']" source_name="${len}">
<kw name="get text xpath://div[@class='center-2']" source_name="${len}">
<kw name="get text xpath://div[@class='center-2']" source_name="${len}">
<kw name="get text xpath://div[@class='center-2']" source_name="${len}">
<kw name="get text xpath://div[@class='center-2']" source_name="${len}">
<kw name="get text xpath://div[@class='center-2']" source_name="${len}">
<kw name="get text xpath://div[@class='center-2']" source_name="${len}">
<kw name="get text xpath://div[@class='center-2']" source_name="${len}">
<kw name="get text xpath://div[@class='center-2']" source_name="${len}">
<kw name="get text xpath://div[@class='center-2']" source_name="${len}">
<kw name="get text xpath://div[@class='center-2']" source_name="${len}">
<kw name="get text xpath://div[@class='center-2']" source_name="${len}">
<kw name="get text xpath://div[@class='center-2']" source_name="${len}">
<kw name="get text xpath://div[@class='center-2']" source_name="${len}">
<kw name="get text xpath://div[@class='center-2']" source_name="${len}">
<kw name="get text xpath://div[@class='center-2']" source_name="${len}">
<kw name="get text xpath://div[@class='center-2']" source_name="${len}">
<kw name="get text xpath://div[@class='center-2']" source_name="${len}">
<kw name="get text xpath://div[@class='center-2']" source_name="${len}">
<kw name="get text xpath://div[@class='center-2']" source_name="${len}">
<kw name="get text xpath://div[@class='center-2']" source_name="${len}">
<kw name="get text xpath://div[@class='center-2']" source_name="${len}">
<kw name="get text xpath://div[@class='center-2']" source_name="${len}">
<kw name="get text xpath://div[@class='center-2']" source_name="${len}">
<kw name="get text xpath://div[@class='center-2']" source_name="${len}">
<kw name="get text xpath://div[@class='center-2']" source_name="${len}">
<kw name="get text xpath://div[@class='center-2']" source_name="${len}">
<kw name="get text xpath://div[@class='center-2']" source_name="${len}">
<kw name="get text xpath://div[@class='center-2']" source_name="${len}">
<kw name="get text xpath://div[@class='center-2']" source_name="${len}">
<kw name="get text xpath://div[@class='center-2']" source_name="${len}">
<kw name="get text xpath://div[@class='center-2']" source_name="${len}">
<kw name="get text xpath://div[@class='center-2']" source_name="${len}">
<kw name="get text xpath://div[@class='center-2']" source_name="${len}">
<kw name="get text xpath://div[@class='center-2']" source_name="${len}">
<kw name="get text xpath://div[@class='center-2']" source_name="${len}">
<kw name="get text xpath://div[@class='center-2']" source_name="${len}">
<kw name="get text xpath://div[@class='center-2']" source_name="${len}">
<kw name="get text xpath://div[@class='center-2']" source_name="${len}">
<kw name="get text xpath://div[@class='center-2']" source_name="${len}">
<kw name="get text xpath://div[@class='center-2']" source_name="${len}">
<kw name="get text xpath://div[@class='center-2']" source_name="${len}">
<kw name="get text xpath://div[@class='center-2']" source_name="${len}">
<kw name="get text xpath://div[@class='center-2']" source_name="${len}">
<kw name="get text xpath://div[@class='center-2']" source_name="${len}">
<kw name="get text xpath://div[@class='center-2']" source_name="${len}">
<kw name="get text xpath://div[@class='center-2']" source_name="${len}">
<kw name="get text xpath://div[@class='center-2']" source_name="${len}">
<kw name="get text xpath://div[@class='center-2']" source_name="${len}">
<kw name="get text xpath://div[@class='center-2']" source_name="${len}">
<kw name="get text xpath://div[@class='center-2']" source_name="${len}">
<kw name="get text xpath://div[@class='center-2']" source_name="${len}">
<kw name="get text xpath://div[@class='center-2']" source_name="${len}">
<kw name="get text xpath://div[@class='center-2']" source_name="${len}">
<kw name="get text xpath://div[@class='center-2']" source_name="${len}">
<kw name="get text xpath://div[@class='center-2']" source_name="${len}">
<kw name="get text xpath://div[@class='center-2']" source_name="${len}">
<kw name="get text xpath://div[@class='center-2']" source_name="${len}">
<kw name="get text xpath://div[@class='center-2']" source_name="${len}">
<kw name="get text xpath://div[@class='center-2']" source_name="${len}">
<kw name="get text xpath://div[@class='center-2']" source_name="${len}">
<kw name="get text xpath://div[@class='center-2']" source_name="${len}">
<kw name="get text xpath://div[@class='center-2']" source_name="${len}">
<kw name="get text xpath://div[@class='center-2']" source_name="${len}">
<kw name="get text xpath://div[@class='center-2']" source_name="${len}">
<kw name="get text xpath://div[@class='center-2']" source_name="${len}">
<kw name="get text xpath://div[@class='center-2']" source_name="${len}">
<kw name="get text xpath://div[@class='center-2']" source_name="${len}">
<kw name="get text xpath://div[@class='center-2']" source_name="${len}">
<kw name="get text xpath://div[@class='center-2']" source_name="${len}">
<kw name="get text xpath://div[@class='center-2']" source_name="${len}">
<kw name="get text xpath://div[@class='center-2']" source_name="${len}">
<kw name="get text xpath://div[@class='center-2']" source_name="${len}">
<kw name="get text xpath://div[@class='center-2']" source_name="${len}">
<kw name="get text xpath://div[@class='center-2']" source_name="${len}">
<kw name="get text xpath://div[@class='center-2']" source_name="${len}">
<kw name="get text xpath://div[@class='center-2']" source_name="${len}">
<kw name="get text xpath://div[@class='center-2']" source_name="${len}">
<kw name="get text xpath://div[@class='center-2']" source_name="${len}">
<kw name="get text xpath://div[@class='center-2']" source_name="${len}">
<kw name="get text xpath://div[@class='center-2']" source_name="${len}">
<kw name="get text xpath://div[@class='center-2']" source_name="${len}">
<kw name="get text xpath://div[@class='center-2']" source_name="${len}">
<kw name="get text xpath://div[@class='center-2']" source_name="${len}">
<kw name="get text xpath://div[@class='center-2']" source_name="${len}">
<kw name="get text xpath://div[@class='center-2']" source_name="${len}">
<kw name="get text xpath://div[@class='center-2']" source_name="${len}">
<msg time="2024-05-28T11:53:34.506890" level="FAIL">Maximum limit of started keywords and control structures exceeded.</msg>
<status status="FAIL" start="2024-05-28T11:53:34.506890" elapsed="0.000000">Maximum limit of started keywords and control structures exceeded.</status>
</kw>
<status status="FAIL" start="2024-05-28T11:53:34.506890" elapsed="0.001000">Maximum limit of started keywords and control structures exceeded.</status>
</kw>
<status status="FAIL" start="2024-05-28T11:53:34.505914" elapsed="0.001976">Maximum limit of started keywords and control structures exceeded.</status>
</kw>
<status status="FAIL" start="2024-05-28T11:53:34.505914" elapsed="0.001976">Maximum limit of started keywords and control structures exceeded.</status>
</kw>
<status status="FAIL" start="2024-05-28T11:53:34.505914" elapsed="0.001976">Maximum limit of started keywords and control structures exceeded.</status>
</kw>
<status status="FAIL" start="2024-05-28T11:53:34.505914" elapsed="0.001976">Maximum limit of started keywords and control structures exceeded.</status>
</kw>
<status status="FAIL" start="2024-05-28T11:53:34.505914" elapsed="0.002976">Maximum limit of started keywords and control structures exceeded.</status>
</kw>
<status status="FAIL" start="2024-05-28T11:53:34.504894" elapsed="0.003996">Maximum limit of started keywords and control structures exceeded.</status>
</kw>
<status status="FAIL" start="2024-05-28T11:53:34.504894" elapsed="0.003996">Maximum limit of started keywords and control structures exceeded.</status>
</kw>
<status status="FAIL" start="2024-05-28T11:53:34.504894" elapsed="0.003996">Maximum limit of started keywords and control structures exceeded.</status>
</kw>
<status status="FAIL" start="2024-05-28T11:53:34.504894" elapsed="0.003996">Maximum limit of started keywords and control structures exceeded.</status>
</kw>
<status status="FAIL" start="2024-05-28T11:53:34.504894" elapsed="0.003996">Maximum limit of started keywords and control structures exceeded.</status>
</kw>
<status status="FAIL" start="2024-05-28T11:53:34.503891" elapsed="0.005999">Maximum limit of started keywords and control structures exceeded.</status>
</kw>
<status status="FAIL" start="2024-05-28T11:53:34.502964" elapsed="0.006926">Maximum limit of started keywords and control structures exceeded.</status>
</kw>
<status status="FAIL" start="2024-05-28T11:53:34.501886" elapsed="0.008004">Maximum limit of started keywords and control structures exceeded.</status>
</kw>
<status status="FAIL" start="2024-05-28T11:53:34.500887" elapsed="0.009003">Maximum limit of started keywords and control structures exceeded.</status>
</kw>
<status status="FAIL" start="2024-05-28T11:53:34.499926" elapsed="0.010989">Maximum limit of started keywords and control structures exceeded.</status>
</kw>
<status status="FAIL" start="2024-05-28T11:53:34.499926" elapsed="0.010989">Maximum limit of started keywords and control structures exceeded.</status>
</kw>
<status status="FAIL" start="2024-05-28T11:53:34.498887" elapsed="0.012028">Maximum limit of started keywords and control structures exceeded.</status>
</kw>
<status status="FAIL" start="2024-05-28T11:53:34.498887" elapsed="0.012028">Maximum limit of started keywords and control structures exceeded.</status>
</kw>
<status status="FAIL" start="2024-05-28T11:53:34.497893" elapsed="0.013022">Maximum limit of started keywords and control structures exceeded.</status>
</kw>
<status status="FAIL" start="2024-05-28T11:53:34.497893" elapsed="0.013999">Maximum limit of started keywords and control structures exceeded.</status>
</kw>
<status status="FAIL" start="2024-05-28T11:53:34.497893" elapsed="0.013999">Maximum limit of started keywords and control structures exceeded.</status>
</kw>
<status status="FAIL" start="2024-05-28T11:53:34.496887" elapsed="0.015005">Maximum limit of started keywords and control structures exceeded.</status>
</kw>
<status status="FAIL" start="2024-05-28T11:53:34.496887" elapsed="0.015005">Maximum limit of started keywords and control structures exceeded.</status>
</kw>
<status status="FAIL" start="2024-05-28T11:53:34.496887" elapsed="0.015005">Maximum limit of started keywords and control structures exceeded.</status>
</kw>
<status status="FAIL" start="2024-05-28T11:53:34.495893" elapsed="0.016997">Maximum limit of started keywords and control structures exceeded.</status>
</kw>
<status status="FAIL" start="2024-05-28T11:53:34.495893" elapsed="0.016997">Maximum limit of started keywords and control structures exceeded.</status>
</kw>
<status status="FAIL" start="2024-05-28T11:53:34.495893" elapsed="0.016997">Maximum limit of started keywords and control structures exceeded.</status>
</kw>
<status status="FAIL" start="2024-05-28T11:53:34.494885" elapsed="0.018005">Maximum limit of started keywords and control structures exceeded.</status>
</kw>
<status status="FAIL" start="2024-05-28T11:53:34.494885" elapsed="0.019003">Maximum limit of started keywords and control structures exceeded.</status>
</kw>
<status status="FAIL" start="2024-05-28T11:53:34.494885" elapsed="0.019003">Maximum limit of started keywords and control structures exceeded.</status>
</kw>
<status status="FAIL" start="2024-05-28T11:53:34.494885" elapsed="0.019003">Maximum limit of started keywords and control structures exceeded.</status>
</kw>
<status status="FAIL" start="2024-05-28T11:53:34.493886" elapsed="0.020002">Maximum limit of started keywords and control structures exceeded.</status>
</kw>
<status status="FAIL" start="2024-05-28T11:53:34.493886" elapsed="0.021008">Maximum limit of started keywords and control structures exceeded.</status>
</kw>
<status status="FAIL" start="2024-05-28T11:53:34.493886" elapsed="0.021008">Maximum limit of started keywords and control structures exceeded.</status>
</kw>
<status status="FAIL" start="2024-05-28T11:53:34.493886" elapsed="0.021008">Maximum limit of started keywords and control structures exceeded.</status>
</kw>
<status status="FAIL" start="2024-05-28T11:53:34.493886" elapsed="0.021008">Maximum limit of started keywords and control structures exceeded.</status>
</kw>
<status status="FAIL" start="2024-05-28T11:53:34.493886" elapsed="0.022005">Maximum limit of started keywords and control structures exceeded.</status>
</kw>
<status status="FAIL" start="2024-05-28T11:53:34.492885" elapsed="0.023006">Maximum limit of started keywords and control structures exceeded.</status>
</kw>
<status status="FAIL" start="2024-05-28T11:53:34.492885" elapsed="0.023006">Maximum limit of started keywords and control structures exceeded.</status>
</kw>
<status status="FAIL" start="2024-05-28T11:53:34.492885" elapsed="0.024004">Maximum limit of started keywords and control structures exceeded.</status>
</kw>
<status status="FAIL" start="2024-05-28T11:53:34.492885" elapsed="0.024004">Maximum limit of started keywords and control structures exceeded.</status>
</kw>
<status status="FAIL" start="2024-05-28T11:53:34.492885" elapsed="0.024004">Maximum limit of started keywords and control structures exceeded.</status>
</kw>
<status status="FAIL" start="2024-05-28T11:53:34.491885" elapsed="0.026009">Maximum limit of started keywords and control structures exceeded.</status>
</kw>
<status status="FAIL" start="2024-05-28T11:53:34.491885" elapsed="0.026009">Maximum limit of started keywords and control structures exceeded.</status>
</kw>
<status status="FAIL" start="2024-05-28T11:53:34.491885" elapsed="0.026009">Maximum limit of started keywords and control structures exceeded.</status>
</kw>
<status status="FAIL" start="2024-05-28T11:53:34.491885" elapsed="0.027008">Maximum limit of started keywords and control structures exceeded.</status>
</kw>
<status status="FAIL" start="2024-05-28T11:53:34.491885" elapsed="0.027008">Maximum limit of started keywords and control structures exceeded.</status>
</kw>
<status status="FAIL" start="2024-05-28T11:53:34.490885" elapsed="0.029023">Maximum limit of started keywords and control structures exceeded.</status>
</kw>
<status status="FAIL" start="2024-05-28T11:53:34.490885" elapsed="0.029023">Maximum limit of started keywords and control structures exceeded.</status>
</kw>
<status status="FAIL" start="2024-05-28T11:53:34.490885" elapsed="0.030044">Maximum limit of started keywords and control structures exceeded.</status>
</kw>
<status status="FAIL" start="2024-05-28T11:53:34.490885" elapsed="0.030044">Maximum limit of started keywords and control structures exceeded.</status>
</kw>
<status status="FAIL" start="2024-05-28T11:53:34.490885" elapsed="0.031016">Maximum limit of started keywords and control structures exceeded.</status>
</kw>
<status status="FAIL" start="2024-05-28T11:53:34.490885" elapsed="0.031016">Maximum limit of started keywords and control structures exceeded.</status>
</kw>
<status status="FAIL" start="2024-05-28T11:53:34.489885" elapsed="0.033059">Maximum limit of started keywords and control structures exceeded.</status>
</kw>
<status status="FAIL" start="2024-05-28T11:53:34.489885" elapsed="0.033059">Maximum limit of started keywords and control structures exceeded.</status>
</kw>
<status status="FAIL" start="2024-05-28T11:53:34.489885" elapsed="0.033059">Maximum limit of started keywords and control structures exceeded.</status>
</kw>
<status status="FAIL" start="2024-05-28T11:53:34.489885" elapsed="0.036006">Maximum limit of started keywords and control structures exceeded.</status>
</kw>
<status status="FAIL" start="2024-05-28T11:53:34.489885" elapsed="0.036006">Maximum limit of started keywords and control structures exceeded.</status>
</kw>
<status status="FAIL" start="2024-05-28T11:53:34.488886" elapsed="0.038014">Maximum limit of started keywords and control structures exceeded.</status>
</kw>
<status status="FAIL" start="2024-05-28T11:53:34.488886" elapsed="0.038014">Maximum limit of started keywords and control structures exceeded.</status>
</kw>
<status status="FAIL" start="2024-05-28T11:53:34.488886" elapsed="0.038014">Maximum limit of started keywords and control structures exceeded.</status>
</kw>
<status status="FAIL" start="2024-05-28T11:53:34.488886" elapsed="0.038014">Maximum limit of started keywords and control structures exceeded.</status>
</kw>
<status status="FAIL" start="2024-05-28T11:53:34.487887" elapsed="0.039013">Maximum limit of started keywords and control structures exceeded.</status>
</kw>
<status status="FAIL" start="2024-05-28T11:53:34.487887" elapsed="0.039013">Maximum limit of started keywords and control structures exceeded.</status>
</kw>
<status status="FAIL" start="2024-05-28T11:53:34.487887" elapsed="0.039013">Maximum limit of started keywords and control structures exceeded.</status>
</kw>
<status status="FAIL" start="2024-05-28T11:53:34.487887" elapsed="0.039013">Maximum limit of started keywords and control structures exceeded.</status>
</kw>
<status status="FAIL" start="2024-05-28T11:53:34.486887" elapsed="0.040998">Maximum limit of started keywords and control structures exceeded.</status>
</kw>
<status status="FAIL" start="2024-05-28T11:53:34.486887" elapsed="0.040998">Maximum limit of started keywords and control structures exceeded.</status>
</kw>
<status status="FAIL" start="2024-05-28T11:53:34.486887" elapsed="0.040998">Maximum limit of started keywords and control structures exceeded.</status>
</kw>
<status status="FAIL" start="2024-05-28T11:53:34.485908" elapsed="0.041977">Maximum limit of started keywords and control structures exceeded.</status>
</kw>
<status status="FAIL" start="2024-05-28T11:53:34.485908" elapsed="0.042978">Maximum limit of started keywords and control structures exceeded.</status>
</kw>
<status status="FAIL" start="2024-05-28T11:53:34.483911" elapsed="0.044975">Maximum limit of started keywords and control structures exceeded.</status>
</kw>
<status status="FAIL" start="2024-05-28T11:53:34.483911" elapsed="0.044975">Maximum limit of started keywords and control structures exceeded.</status>
</kw>
<status status="FAIL" start="2024-05-28T11:53:34.483911" elapsed="0.044975">Maximum limit of started keywords and control structures exceeded.</status>
</kw>
<status status="FAIL" start="2024-05-28T11:53:34.482909" elapsed="0.046980">Maximum limit of started keywords and control structures exceeded.</status>
</kw>
<status status="FAIL" start="2024-05-28T11:53:34.481944" elapsed="0.047945">Maximum limit of started keywords and control structures exceeded.</status>
</kw>
<status status="FAIL" start="2024-05-28T11:53:34.481944" elapsed="0.047945">Maximum limit of started keywords and control structures exceeded.</status>
</kw>
<status status="FAIL" start="2024-05-28T11:53:34.478886" elapsed="0.051003">Maximum limit of started keywords and control structures exceeded.</status>
</kw>
<status status="FAIL" start="2024-05-28T11:53:34.478886" elapsed="0.051003">Maximum limit of started keywords and control structures exceeded.</status>
</kw>
<status status="FAIL" start="2024-05-28T11:53:34.478886" elapsed="0.051003">Maximum limit of started keywords and control structures exceeded.</status>
</kw>
<status status="FAIL" start="2024-05-28T11:53:34.477887" elapsed="0.053001">Maximum limit of started keywords and control structures exceeded.</status>
</kw>
<status status="FAIL" start="2024-05-28T11:53:34.477887" elapsed="0.053001">Maximum limit of started keywords and control structures exceeded.</status>
</kw>
<status status="FAIL" start="2024-05-28T11:53:34.477887" elapsed="0.053001">Maximum limit of started keywords and control structures exceeded.</status>
</kw>
<status status="FAIL" start="2024-05-28T11:53:34.477887" elapsed="0.053001">Maximum limit of started keywords and control structures exceeded.</status>
</kw>
<status status="FAIL" start="2024-05-28T11:53:34.477887" elapsed="0.053001">Maximum limit of started keywords and control structures exceeded.</status>
</kw>
<status status="FAIL" start="2024-05-28T11:53:34.476887" elapsed="0.055002">Maximum limit of started keywords and control structures exceeded.</status>
</kw>
<status status="FAIL" start="2024-05-28T11:53:34.476887" elapsed="0.055002">Maximum limit of started keywords and control structures exceeded.</status>
</kw>
<status status="FAIL" start="2024-05-28T11:53:34.476887" elapsed="0.055002">Maximum limit of started keywords and control structures exceeded.</status>
</kw>
<status status="FAIL" start="2024-05-28T11:53:34.476887" elapsed="0.056051">Maximum limit of started keywords and control structures exceeded.</status>
</kw>
<status status="FAIL" start="2024-05-28T11:53:34.476887" elapsed="0.056051">Maximum limit of started keywords and control structures exceeded.</status>
</kw>
<status status="FAIL" start="2024-05-28T11:53:34.475887" elapsed="0.057051">Maximum limit of started keywords and control structures exceeded.</status>
</kw>
<status status="FAIL" start="2024-05-28T11:53:34.475887" elapsed="0.058031">Maximum limit of started keywords and control structures exceeded.</status>
</kw>
<status status="FAIL" start="2024-05-28T11:53:34.475887" elapsed="0.058031">Maximum limit of started keywords and control structures exceeded.</status>
</kw>
<status status="FAIL" start="2024-05-28T11:53:34.475887" elapsed="0.058031">Maximum limit of started keywords and control structures exceeded.</status>
</kw>
<status status="FAIL" start="2024-05-28T11:53:34.474877" elapsed="0.059041">Maximum limit of started keywords and control structures exceeded.</status>
</kw>
<status status="FAIL" start="2024-05-28T11:53:34.474877" elapsed="0.059041">Maximum limit of started keywords and control structures exceeded.</status>
</kw>
<status status="FAIL" start="2024-05-28T11:53:34.474877" elapsed="0.059041">Maximum limit of started keywords and control structures exceeded.</status>
</kw>
<status status="FAIL" start="2024-05-28T11:53:34.413613" elapsed="0.121295">Setup failed:
Maximum limit of started keywords and control structures exceeded.

Also teardown failed:
Maximum limit of started keywords and control structures exceeded.</status>
</test>
<test id="s1-t2" name="Validate for news field" line="24">
<kw name="Open the Browser with url" type="SETUP" source_name="${len}">
<kw name="get text xpath://div[@class='center-2']" source_name="${len}">
<kw name="get text xpath://div[@class='center-2']" source_name="${len}">
<kw name="get text xpath://div[@class='center-2']" source_name="${len}">
<kw name="get text xpath://div[@class='center-2']" source_name="${len}">
<kw name="get text xpath://div[@class='center-2']" source_name="${len}">
<kw name="get text xpath://div[@class='center-2']" source_name="${len}">
<kw name="get text xpath://div[@class='center-2']" source_name="${len}">
<kw name="get text xpath://div[@class='center-2']" source_name="${len}">
<kw name="get text xpath://div[@class='center-2']" source_name="${len}">
<kw name="get text xpath://div[@class='center-2']" source_name="${len}">
<kw name="get text xpath://div[@class='center-2']" source_name="${len}">
<kw name="get text xpath://div[@class='center-2']" source_name="${len}">
<kw name="get text xpath://div[@class='center-2']" source_name="${len}">
<kw name="get text xpath://div[@class='center-2']" source_name="${len}">
<kw name="get text xpath://div[@class='center-2']" source_name="${len}">
<kw name="get text xpath://div[@class='center-2']" source_name="${len}">
<kw name="get text xpath://div[@class='center-2']" source_name="${len}">
<kw name="get text xpath://div[@class='center-2']" source_name="${len}">
<kw name="get text xpath://div[@class='center-2']" source_name="${len}">
<kw name="get text xpath://div[@class='center-2']" source_name="${len}">
<kw name="get text xpath://div[@class='center-2']" source_name="${len}">
<kw name="get text xpath://div[@class='center-2']" source_name="${len}">
<kw name="get text xpath://div[@class='center-2']" source_name="${len}">
<kw name="get text xpath://div[@class='center-2']" source_name="${len}">
<kw name="get text xpath://div[@class='center-2']" source_name="${len}">
<kw name="get text xpath://div[@class='center-2']" source_name="${len}">
<kw name="get text xpath://div[@class='center-2']" source_name="${len}">
<kw name="get text xpath://div[@class='center-2']" source_name="${len}">
<kw name="get text xpath://div[@class='center-2']" source_name="${len}">
<kw name="get text xpath://div[@class='center-2']" source_name="${len}">
<kw name="get text xpath://div[@class='center-2']" source_name="${len}">
<kw name="get text xpath://div[@class='center-2']" source_name="${len}">
<kw name="get text xpath://div[@class='center-2']" source_name="${len}">
<kw name="get text xpath://div[@class='center-2']" source_name="${len}">
<kw name="get text xpath://div[@class='center-2']" source_name="${len}">
<kw name="get text xpath://div[@class='center-2']" source_name="${len}">
<kw name="get text xpath://div[@class='center-2']" source_name="${len}">
<kw name="get text xpath://div[@class='center-2']" source_name="${len}">
<kw name="get text xpath://div[@class='center-2']" source_name="${len}">
<kw name="get text xpath://div[@class='center-2']" source_name="${len}">
<kw name="get text xpath://div[@class='center-2']" source_name="${len}">
<kw name="get text xpath://div[@class='center-2']" source_name="${len}">
<kw name="get text xpath://div[@class='center-2']" source_name="${len}">
<kw name="get text xpath://div[@class='center-2']" source_name="${len}">
<kw name="get text xpath://div[@class='center-2']" source_name="${len}">
<kw name="get text xpath://div[@class='center-2']" source_name="${len}">
<kw name="get text xpath://div[@class='center-2']" source_name="${len}">
<kw name="get text xpath://div[@class='center-2']" source_name="${len}">
<kw name="get text xpath://div[@class='center-2']" source_name="${len}">
<kw name="get text xpath://div[@class='center-2']" source_name="${len}">
<kw name="get text xpath://div[@class='center-2']" source_name="${len}">
<kw name="get text xpath://div[@class='center-2']" source_name="${len}">
<kw name="get text xpath://div[@class='center-2']" source_name="${len}">
<kw name="get text xpath://div[@class='center-2']" source_name="${len}">
<kw name="get text xpath://div[@class='center-2']" source_name="${len}">
<kw name="get text xpath://div[@class='center-2']" source_name="${len}">
<kw name="get text xpath://div[@class='center-2']" source_name="${len}">
<kw name="get text xpath://div[@class='center-2']" source_name="${len}">
<kw name="get text xpath://div[@class='center-2']" source_name="${len}">
<kw name="get text xpath://div[@class='center-2']" source_name="${len}">
<kw name="get text xpath://div[@class='center-2']" source_name="${len}">
<kw name="get text xpath://div[@class='center-2']" source_name="${len}">
<kw name="get text xpath://div[@class='center-2']" source_name="${len}">
<kw name="get text xpath://div[@class='center-2']" source_name="${len}">
<kw name="get text xpath://div[@class='center-2']" source_name="${len}">
<kw name="get text xpath://div[@class='center-2']" source_name="${len}">
<kw name="get text xpath://div[@class='center-2']" source_name="${len}">
<kw name="get text xpath://div[@class='center-2']" source_name="${len}">
<kw name="get text xpath://div[@class='center-2']" source_name="${len}">
<kw name="get text xpath://div[@class='center-2']" source_name="${len}">
<kw name="get text xpath://div[@class='center-2']" source_name="${len}">
<kw name="get text xpath://div[@class='center-2']" source_name="${len}">
<kw name="get text xpath://div[@class='center-2']" source_name="${len}">
<kw name="get text xpath://div[@class='center-2']" source_name="${len}">
<kw name="get text xpath://div[@class='center-2']" source_name="${len}">
<kw name="get text xpath://div[@class='center-2']" source_name="${len}">
<kw name="get text xpath://div[@class='center-2']" source_name="${len}">
<kw name="get text xpath://div[@class='center-2']" source_name="${len}">
<kw name="get text xpath://div[@class='center-2']" source_name="${len}">
<kw name="get text xpath://div[@class='center-2']" source_name="${len}">
<kw name="get text xpath://div[@class='center-2']" source_name="${len}">
<kw name="get text xpath://div[@class='center-2']" source_name="${len}">
<kw name="get text xpath://div[@class='center-2']" source_name="${len}">
<kw name="get text xpath://div[@class='center-2']" source_name="${len}">
<kw name="get text xpath://div[@class='center-2']" source_name="${len}">
<kw name="get text xpath://div[@class='center-2']" source_name="${len}">
<kw name="get text xpath://div[@class='center-2']" source_name="${len}">
<kw name="get text xpath://div[@class='center-2']" source_name="${len}">
<kw name="get text xpath://div[@class='center-2']" source_name="${len}">
<kw name="get text xpath://div[@class='center-2']" source_name="${len}">
<kw name="get text xpath://div[@class='center-2']" source_name="${len}">
<kw name="get text xpath://div[@class='center-2']" source_name="${len}">
<kw name="get text xpath://div[@class='center-2']" source_name="${len}">
<kw name="get text xpath://div[@class='center-2']" source_name="${len}">
<kw name="get text xpath://div[@class='center-2']" source_name="${len}">
<kw name="get text xpath://div[@class='center-2']" source_name="${len}">
<kw name="get text xpath://div[@class='center-2']" source_name="${len}">
<msg time="2024-05-28T11:53:34.581885" level="FAIL">Maximum limit of started keywords and control structures exceeded.</msg>
<status status="FAIL" start="2024-05-28T11:53:34.581885" elapsed="0.000000">Maximum limit of started keywords and control structures exceeded.</status>
</kw>
<status status="FAIL" start="2024-05-28T11:53:34.581885" elapsed="0.001001">Maximum limit of started keywords and control structures exceeded.</status>
</kw>
<status status="FAIL" start="2024-05-28T11:53:34.580886" elapsed="0.002000">Maximum limit of started keywords and control structures exceeded.</status>
</kw>
<status status="FAIL" start="2024-05-28T11:53:34.580886" elapsed="0.002000">Maximum limit of started keywords and control structures exceeded.</status>
</kw>
<status status="FAIL" start="2024-05-28T11:53:34.580886" elapsed="0.002000">Maximum limit of started keywords and control structures exceeded.</status>
</kw>
<status status="FAIL" start="2024-05-28T11:53:34.580886" elapsed="0.002000">Maximum limit of started keywords and control structures exceeded.</status>
</kw>
<status status="FAIL" start="2024-05-28T11:53:34.579886" elapsed="0.003000">Maximum limit of started keywords and control structures exceeded.</status>
</kw>
<status status="FAIL" start="2024-05-28T11:53:34.579886" elapsed="0.003999">Maximum limit of started keywords and control structures exceeded.</status>
</kw>
<status status="FAIL" start="2024-05-28T11:53:34.562888" elapsed="0.020997">Maximum limit of started keywords and control structures exceeded.</status>
</kw>
<status status="FAIL" start="2024-05-28T11:53:34.561886" elapsed="0.021999">Maximum limit of started keywords and control structures exceeded.</status>
</kw>
<status status="FAIL" start="2024-05-28T11:53:34.561886" elapsed="0.021999">Maximum limit of started keywords and control structures exceeded.</status>
</kw>
<status status="FAIL" start="2024-05-28T11:53:34.561886" elapsed="0.021999">Maximum limit of started keywords and control structures exceeded.</status>
</kw>
<status status="FAIL" start="2024-05-28T11:53:34.561886" elapsed="0.021999">Maximum limit of started keywords and control structures exceeded.</status>
</kw>
<status status="FAIL" start="2024-05-28T11:53:34.560886" elapsed="0.023999">Maximum limit of started keywords and control structures exceeded.</status>
</kw>
<status status="FAIL" start="2024-05-28T11:53:34.560886" elapsed="0.023999">Maximum limit of started keywords and control structures exceeded.</status>
</kw>
<status status="FAIL" start="2024-05-28T11:53:34.560886" elapsed="0.023999">Maximum limit of started keywords and control structures exceeded.</status>
</kw>
<status status="FAIL" start="2024-05-28T11:53:34.559886" elapsed="0.024999">Maximum limit of started keywords and control structures exceeded.</status>
</kw>
<status status="FAIL" start="2024-05-28T11:53:34.559886" elapsed="0.024999">Maximum limit of started keywords and control structures exceeded.</status>
</kw>
<status status="FAIL" start="2024-05-28T11:53:34.559886" elapsed="0.026001">Maximum limit of started keywords and control structures exceeded.</status>
</kw>
<status status="FAIL" start="2024-05-28T11:53:34.559886" elapsed="0.026001">Maximum limit of started keywords and control structures exceeded.</status>
</kw>
<status status="FAIL" start="2024-05-28T11:53:34.559886" elapsed="0.026001">Maximum limit of started keywords and control structures exceeded.</status>
</kw>
<status status="FAIL" start="2024-05-28T11:53:34.558886" elapsed="0.027001">Maximum limit of started keywords and control structures exceeded.</status>
</kw>
<status status="FAIL" start="2024-05-28T11:53:34.558886" elapsed="0.028002">Maximum limit of started keywords and control structures exceeded.</status>
</kw>
<status status="FAIL" start="2024-05-28T11:53:34.557887" elapsed="0.029001">Maximum limit of started keywords and control structures exceeded.</status>
</kw>
<status status="FAIL" start="2024-05-28T11:53:34.557887" elapsed="0.029001">Maximum limit of started keywords and control structures exceeded.</status>
</kw>
<status status="FAIL" start="2024-05-28T11:53:34.556887" elapsed="0.030001">Maximum limit of started keywords and control structures exceeded.</status>
</kw>
<status status="FAIL" start="2024-05-28T11:53:34.556887" elapsed="0.031006">Maximum limit of started keywords and control structures exceeded.</status>
</kw>
<status status="FAIL" start="2024-05-28T11:53:34.556887" elapsed="0.031006">Maximum limit of started keywords and control structures exceeded.</status>
</kw>
<status status="FAIL" start="2024-05-28T11:53:34.556887" elapsed="0.032004">Maximum limit of started keywords and control structures exceeded.</status>
</kw>
<status status="FAIL" start="2024-05-28T11:53:34.555886" elapsed="0.033005">Maximum limit of started keywords and control structures exceeded.</status>
</kw>
<status status="FAIL" start="2024-05-28T11:53:34.555886" elapsed="0.034009">Maximum limit of started keywords and control structures exceeded.</status>
</kw>
<status status="FAIL" start="2024-05-28T11:53:34.555886" elapsed="0.034009">Maximum limit of started keywords and control structures exceeded.</status>
</kw>
<status status="FAIL" start="2024-05-28T11:53:34.554886" elapsed="0.035009">Maximum limit of started keywords and control structures exceeded.</status>
</kw>
<status status="FAIL" start="2024-05-28T11:53:34.554886" elapsed="0.035009">Maximum limit of started keywords and control structures exceeded.</status>
</kw>
<status status="FAIL" start="2024-05-28T11:53:34.554886" elapsed="0.035009">Maximum limit of started keywords and control structures exceeded.</status>
</kw>
<status status="FAIL" start="2024-05-28T11:53:34.554886" elapsed="0.035009">Maximum limit of started keywords and control structures exceeded.</status>
</kw>
<status status="FAIL" start="2024-05-28T11:53:34.554886" elapsed="0.035999">Maximum limit of started keywords and control structures exceeded.</status>
</kw>
<status status="FAIL" start="2024-05-28T11:53:34.554886" elapsed="0.035999">Maximum limit of started keywords and control structures exceeded.</status>
</kw>
<status status="FAIL" start="2024-05-28T11:53:34.553887" elapsed="0.036998">Maximum limit of started keywords and control structures exceeded.</status>
</kw>
<status status="FAIL" start="2024-05-28T11:53:34.553887" elapsed="0.036998">Maximum limit of started keywords and control structures exceeded.</status>
</kw>
<status status="FAIL" start="2024-05-28T11:53:34.553887" elapsed="0.038009">Maximum limit of started keywords and control structures exceeded.</status>
</kw>
<status status="FAIL" start="2024-05-28T11:53:34.553887" elapsed="0.038009">Maximum limit of started keywords and control structures exceeded.</status>
</kw>
<status status="FAIL" start="2024-05-28T11:53:34.552888" elapsed="0.039008">Maximum limit of started keywords and control structures exceeded.</status>
</kw>
<status status="FAIL" start="2024-05-28T11:53:34.552888" elapsed="0.040001">Maximum limit of started keywords and control structures exceeded.</status>
</kw>
<status status="FAIL" start="2024-05-28T11:53:34.552888" elapsed="0.040001">Maximum limit of started keywords and control structures exceeded.</status>
</kw>
<status status="FAIL" start="2024-05-28T11:53:34.551886" elapsed="0.041003">Maximum limit of started keywords and control structures exceeded.</status>
</kw>
<status status="FAIL" start="2024-05-28T11:53:34.551886" elapsed="0.042003">Maximum limit of started keywords and control structures exceeded.</status>
</kw>
<status status="FAIL" start="2024-05-28T11:53:34.551886" elapsed="0.042003">Maximum limit of started keywords and control structures exceeded.</status>
</kw>
<status status="FAIL" start="2024-05-28T11:53:34.551886" elapsed="0.043004">Maximum limit of started keywords and control structures exceeded.</status>
</kw>
<status status="FAIL" start="2024-05-28T11:53:34.550889" elapsed="0.044001">Maximum limit of started keywords and control structures exceeded.</status>
</kw>
<status status="FAIL" start="2024-05-28T11:53:34.550889" elapsed="0.045009">Maximum limit of started keywords and control structures exceeded.</status>
</kw>
<status status="FAIL" start="2024-05-28T11:53:34.550889" elapsed="0.046002">Maximum limit of started keywords and control structures exceeded.</status>
</kw>
<status status="FAIL" start="2024-05-28T11:53:34.550889" elapsed="0.047009">Maximum limit of started keywords and control structures exceeded.</status>
</kw>
<status status="FAIL" start="2024-05-28T11:53:34.550889" elapsed="0.048008">Maximum limit of started keywords and control structures exceeded.</status>
</kw>
<status status="FAIL" start="2024-05-28T11:53:34.549916" elapsed="0.049981">Maximum limit of started keywords and control structures exceeded.</status>
</kw>
<status status="FAIL" start="2024-05-28T11:53:34.549916" elapsed="0.050977">Maximum limit of started keywords and control structures exceeded.</status>
</kw>
<status status="FAIL" start="2024-05-28T11:53:34.548886" elapsed="0.053030">Maximum limit of started keywords and control structures exceeded.</status>
</kw>
<status status="FAIL" start="2024-05-28T11:53:34.547886" elapsed="0.057003">Maximum limit of started keywords and control structures exceeded.</status>
</kw>
<status status="FAIL" start="2024-05-28T11:53:34.547886" elapsed="0.058005">Maximum limit of started keywords and control structures exceeded.</status>
</kw>
<status status="FAIL" start="2024-05-28T11:53:34.547886" elapsed="0.058005">Maximum limit of started keywords and control structures exceeded.</status>
</kw>
<status status="FAIL" start="2024-05-28T11:53:34.547886" elapsed="0.058005">Maximum limit of started keywords and control structures exceeded.</status>
</kw>
<status status="FAIL" start="2024-05-28T11:53:34.546887" elapsed="0.059004">Maximum limit of started keywords and control structures exceeded.</status>
</kw>
<status status="FAIL" start="2024-05-28T11:53:34.546887" elapsed="0.059004">Maximum limit of started keywords and control structures exceeded.</status>
</kw>
<status status="FAIL" start="2024-05-28T11:53:34.546887" elapsed="0.060002">Maximum limit of started keywords and control structures exceeded.</status>
</kw>
<status status="FAIL" start="2024-05-28T11:53:34.546887" elapsed="0.060002">Maximum limit of started keywords and control structures exceeded.</status>
</kw>
<status status="FAIL" start="2024-05-28T11:53:34.546887" elapsed="0.060002">Maximum limit of started keywords and control structures exceeded.</status>
</kw>
<status status="FAIL" start="2024-05-28T11:53:34.545886" elapsed="0.061003">Maximum limit of started keywords and control structures exceeded.</status>
</kw>
<status status="FAIL" start="2024-05-28T11:53:34.545886" elapsed="0.061003">Maximum limit of started keywords and control structures exceeded.</status>
</kw>
<status status="FAIL" start="2024-05-28T11:53:34.545886" elapsed="0.062003">Maximum limit of started keywords and control structures exceeded.</status>
</kw>
<status status="FAIL" start="2024-05-28T11:53:34.545886" elapsed="0.062003">Maximum limit of started keywords and control structures exceeded.</status>
</kw>
<status status="FAIL" start="2024-05-28T11:53:34.544886" elapsed="0.063003">Maximum limit of started keywords and control structures exceeded.</status>
</kw>
<status status="FAIL" start="2024-05-28T11:53:34.544886" elapsed="0.064002">Maximum limit of started keywords and control structures exceeded.</status>
</kw>
<status status="FAIL" start="2024-05-28T11:53:34.543886" elapsed="0.065002">Maximum limit of started keywords and control structures exceeded.</status>
</kw>
<status status="FAIL" start="2024-05-28T11:53:34.543886" elapsed="0.065002">Maximum limit of started keywords and control structures exceeded.</status>
</kw>
<status status="FAIL" start="2024-05-28T11:53:34.543886" elapsed="0.065002">Maximum limit of started keywords and control structures exceeded.</status>
</kw>
<status status="FAIL" start="2024-05-28T11:53:34.543886" elapsed="0.065002">Maximum limit of started keywords and control structures exceeded.</status>
</kw>
<status status="FAIL" start="2024-05-28T11:53:34.543886" elapsed="0.066004">Maximum limit of started keywords and control structures exceeded.</status>
</kw>
<status status="FAIL" start="2024-05-28T11:53:34.542886" elapsed="0.067004">Maximum limit of started keywords and control structures exceeded.</status>
</kw>
<status status="FAIL" start="2024-05-28T11:53:34.542886" elapsed="0.067004">Maximum limit of started keywords and control structures exceeded.</status>
</kw>
<status status="FAIL" start="2024-05-28T11:53:34.542886" elapsed="0.067004">Maximum limit of started keywords and control structures exceeded.</status>
</kw>
<status status="FAIL" start="2024-05-28T11:53:34.542886" elapsed="0.068008">Maximum limit of started keywords and control structures exceeded.</status>
</kw>
<status status="FAIL" start="2024-05-28T11:53:34.542886" elapsed="0.068008">Maximum limit of started keywords and control structures exceeded.</status>
</kw>
<status status="FAIL" start="2024-05-28T11:53:34.542886" elapsed="0.068008">Maximum limit of started keywords and control structures exceeded.</status>
</kw>
<status status="FAIL" start="2024-05-28T11:53:34.541902" elapsed="0.068992">Maximum limit of started keywords and control structures exceeded.</status>
</kw>
<status status="FAIL" start="2024-05-28T11:53:34.541902" elapsed="0.068992">Maximum limit of started keywords and control structures exceeded.</status>
</kw>
<status status="FAIL" start="2024-05-28T11:53:34.541902" elapsed="0.069987">Maximum limit of started keywords and control structures exceeded.</status>
</kw>
<status status="FAIL" start="2024-05-28T11:53:34.540886" elapsed="0.071003">Maximum limit of started keywords and control structures exceeded.</status>
</kw>
<status status="FAIL" start="2024-05-28T11:53:34.540886" elapsed="0.071003">Maximum limit of started keywords and control structures exceeded.</status>
</kw>
<status status="FAIL" start="2024-05-28T11:53:34.540886" elapsed="0.071003">Maximum limit of started keywords and control structures exceeded.</status>
</kw>
<status status="FAIL" start="2024-05-28T11:53:34.540886" elapsed="0.071003">Maximum limit of started keywords and control structures exceeded.</status>
</kw>
<status status="FAIL" start="2024-05-28T11:53:34.540886" elapsed="0.071003">Maximum limit of started keywords and control structures exceeded.</status>
</kw>
<status status="FAIL" start="2024-05-28T11:53:34.539886" elapsed="0.073021">Maximum limit of started keywords and control structures exceeded.</status>
</kw>
<status status="FAIL" start="2024-05-28T11:53:34.539886" elapsed="0.073021">Maximum limit of started keywords and control structures exceeded.</status>
</kw>
<status status="FAIL" start="2024-05-28T11:53:34.539886" elapsed="0.074005">Maximum limit of started keywords and control structures exceeded.</status>
</kw>
<status status="FAIL" start="2024-05-28T11:53:34.539886" elapsed="0.075018">Maximum limit of started keywords and control structures exceeded.</status>
</kw>
<status status="FAIL" start="2024-05-28T11:53:34.539886" elapsed="0.075018">Maximum limit of started keywords and control structures exceeded.</status>
</kw>
<status status="FAIL" start="2024-05-28T11:53:34.538913" elapsed="0.075991">Maximum limit of started keywords and control structures exceeded.</status>
</kw>
<status status="FAIL" start="2024-05-28T11:53:34.538913" elapsed="0.076978">Maximum limit of started keywords and control structures exceeded.</status>
</kw>
<kw name="Close Browser Session" type="TEARDOWN" source_name="${len}">
<kw name="get text xpath://div[@class='center-2']" source_name="${len}">
<kw name="get text xpath://div[@class='center-2']" source_name="${len}">
<kw name="get text xpath://div[@class='center-2']" source_name="${len}">
<kw name="get text xpath://div[@class='center-2']" source_name="${len}">
<kw name="get text xpath://div[@class='center-2']" source_name="${len}">
<kw name="get text xpath://div[@class='center-2']" source_name="${len}">
<kw name="get text xpath://div[@class='center-2']" source_name="${len}">
<kw name="get text xpath://div[@class='center-2']" source_name="${len}">
<kw name="get text xpath://div[@class='center-2']" source_name="${len}">
<kw name="get text xpath://div[@class='center-2']" source_name="${len}">
<kw name="get text xpath://div[@class='center-2']" source_name="${len}">
<kw name="get text xpath://div[@class='center-2']" source_name="${len}">
<kw name="get text xpath://div[@class='center-2']" source_name="${len}">
<kw name="get text xpath://div[@class='center-2']" source_name="${len}">
<kw name="get text xpath://div[@class='center-2']" source_name="${len}">
<kw name="get text xpath://div[@class='center-2']" source_name="${len}">
<kw name="get text xpath://div[@class='center-2']" source_name="${len}">
<kw name="get text xpath://div[@class='center-2']" source_name="${len}">
<kw name="get text xpath://div[@class='center-2']" source_name="${len}">
<kw name="get text xpath://div[@class='center-2']" source_name="${len}">
<kw name="get text xpath://div[@class='center-2']" source_name="${len}">
<kw name="get text xpath://div[@class='center-2']" source_name="${len}">
<kw name="get text xpath://div[@class='center-2']" source_name="${len}">
<kw name="get text xpath://div[@class='center-2']" source_name="${len}">
<kw name="get text xpath://div[@class='center-2']" source_name="${len}">
<kw name="get text xpath://div[@class='center-2']" source_name="${len}">
<kw name="get text xpath://div[@class='center-2']" source_name="${len}">
<kw name="get text xpath://div[@class='center-2']" source_name="${len}">
<kw name="get text xpath://div[@class='center-2']" source_name="${len}">
<kw name="get text xpath://div[@class='center-2']" source_name="${len}">
<kw name="get text xpath://div[@class='center-2']" source_name="${len}">
<kw name="get text xpath://div[@class='center-2']" source_name="${len}">
<kw name="get text xpath://div[@class='center-2']" source_name="${len}">
<kw name="get text xpath://div[@class='center-2']" source_name="${len}">
<kw name="get text xpath://div[@class='center-2']" source_name="${len}">
<kw name="get text xpath://div[@class='center-2']" source_name="${len}">
<kw name="get text xpath://div[@class='center-2']" source_name="${len}">
<kw name="get text xpath://div[@class='center-2']" source_name="${len}">
<kw name="get text xpath://div[@class='center-2']" source_name="${len}">
<kw name="get text xpath://div[@class='center-2']" source_name="${len}">
<kw name="get text xpath://div[@class='center-2']" source_name="${len}">
<kw name="get text xpath://div[@class='center-2']" source_name="${len}">
<kw name="get text xpath://div[@class='center-2']" source_name="${len}">
<kw name="get text xpath://div[@class='center-2']" source_name="${len}">
<kw name="get text xpath://div[@class='center-2']" source_name="${len}">
<kw name="get text xpath://div[@class='center-2']" source_name="${len}">
<kw name="get text xpath://div[@class='center-2']" source_name="${len}">
<kw name="get text xpath://div[@class='center-2']" source_name="${len}">
<kw name="get text xpath://div[@class='center-2']" source_name="${len}">
<kw name="get text xpath://div[@class='center-2']" source_name="${len}">
<kw name="get text xpath://div[@class='center-2']" source_name="${len}">
<kw name="get text xpath://div[@class='center-2']" source_name="${len}">
<kw name="get text xpath://div[@class='center-2']" source_name="${len}">
<kw name="get text xpath://div[@class='center-2']" source_name="${len}">
<kw name="get text xpath://div[@class='center-2']" source_name="${len}">
<kw name="get text xpath://div[@class='center-2']" source_name="${len}">
<kw name="get text xpath://div[@class='center-2']" source_name="${len}">
<kw name="get text xpath://div[@class='center-2']" source_name="${len}">
<kw name="get text xpath://div[@class='center-2']" source_name="${len}">
<kw name="get text xpath://div[@class='center-2']" source_name="${len}">
<kw name="get text xpath://div[@class='center-2']" source_name="${len}">
<kw name="get text xpath://div[@class='center-2']" source_name="${len}">
<kw name="get text xpath://div[@class='center-2']" source_name="${len}">
<kw name="get text xpath://div[@class='center-2']" source_name="${len}">
<kw name="get text xpath://div[@class='center-2']" source_name="${len}">
<kw name="get text xpath://div[@class='center-2']" source_name="${len}">
<kw name="get text xpath://div[@class='center-2']" source_name="${len}">
<kw name="get text xpath://div[@class='center-2']" source_name="${len}">
<kw name="get text xpath://div[@class='center-2']" source_name="${len}">
<kw name="get text xpath://div[@class='center-2']" source_name="${len}">
<kw name="get text xpath://div[@class='center-2']" source_name="${len}">
<kw name="get text xpath://div[@class='center-2']" source_name="${len}">
<kw name="get text xpath://div[@class='center-2']" source_name="${len}">
<kw name="get text xpath://div[@class='center-2']" source_name="${len}">
<kw name="get text xpath://div[@class='center-2']" source_name="${len}">
<kw name="get text xpath://div[@class='center-2']" source_name="${len}">
<kw name="get text xpath://div[@class='center-2']" source_name="${len}">
<kw name="get text xpath://div[@class='center-2']" source_name="${len}">
<kw name="get text xpath://div[@class='center-2']" source_name="${len}">
<kw name="get text xpath://div[@class='center-2']" source_name="${len}">
<kw name="get text xpath://div[@class='center-2']" source_name="${len}">
<kw name="get text xpath://div[@class='center-2']" source_name="${len}">
<kw name="get text xpath://div[@class='center-2']" source_name="${len}">
<kw name="get text xpath://div[@class='center-2']" source_name="${len}">
<kw name="get text xpath://div[@class='center-2']" source_name="${len}">
<kw name="get text xpath://div[@class='center-2']" source_name="${len}">
<kw name="get text xpath://div[@class='center-2']" source_name="${len}">
<kw name="get text xpath://div[@class='center-2']" source_name="${len}">
<kw name="get text xpath://div[@class='center-2']" source_name="${len}">
<kw name="get text xpath://div[@class='center-2']" source_name="${len}">
<kw name="get text xpath://div[@class='center-2']" source_name="${len}">
<kw name="get text xpath://div[@class='center-2']" source_name="${len}">
<kw name="get text xpath://div[@class='center-2']" source_name="${len}">
<kw name="get text xpath://div[@class='center-2']" source_name="${len}">
<kw name="get text xpath://div[@class='center-2']" source_name="${len}">
<kw name="get text xpath://div[@class='center-2']" source_name="${len}">
<msg time="2024-05-28T11:53:34.645889" level="FAIL">Maximum limit of started keywords and control structures exceeded.</msg>
<status status="FAIL" start="2024-05-28T11:53:34.644897" elapsed="0.000992">Maximum limit of started keywords and control structures exceeded.</status>
</kw>
<status status="FAIL" start="2024-05-28T11:53:34.644897" elapsed="0.000992">Maximum limit of started keywords and control structures exceeded.</status>
</kw>
<status status="FAIL" start="2024-05-28T11:53:34.644897" elapsed="0.001994">Maximum limit of started keywords and control structures exceeded.</status>
</kw>
<status status="FAIL" start="2024-05-28T11:53:34.643904" elapsed="0.002987">Maximum limit of started keywords and control structures exceeded.</status>
</kw>
<status status="FAIL" start="2024-05-28T11:53:34.643904" elapsed="0.004001">Maximum limit of started keywords and control structures exceeded.</status>
</kw>
<status status="FAIL" start="2024-05-28T11:53:34.642922" elapsed="0.005990">Maximum limit of started keywords and control structures exceeded.</status>
</kw>
<status status="FAIL" start="2024-05-28T11:53:34.642922" elapsed="0.005990">Maximum limit of started keywords and control structures exceeded.</status>
</kw>
<status status="FAIL" start="2024-05-28T11:53:34.642922" elapsed="0.007130">Maximum limit of started keywords and control structures exceeded.</status>
</kw>
<status status="FAIL" start="2024-05-28T11:53:34.642922" elapsed="0.007130">Maximum limit of started keywords and control structures exceeded.</status>
</kw>
<status status="FAIL" start="2024-05-28T11:53:34.642922" elapsed="0.008145">Maximum limit of started keywords and control structures exceeded.</status>
</kw>
<status status="FAIL" start="2024-05-28T11:53:34.642922" elapsed="0.008145">Maximum limit of started keywords and control structures exceeded.</status>
</kw>
<status status="FAIL" start="2024-05-28T11:53:34.641918" elapsed="0.009149">Maximum limit of started keywords and control structures exceeded.</status>
</kw>
<status status="FAIL" start="2024-05-28T11:53:34.641918" elapsed="0.010149">Maximum limit of started keywords and control structures exceeded.</status>
</kw>
<status status="FAIL" start="2024-05-28T11:53:34.640924" elapsed="0.011143">Maximum limit of started keywords and control structures exceeded.</status>
</kw>
<status status="FAIL" start="2024-05-28T11:53:34.640924" elapsed="0.011143">Maximum limit of started keywords and control structures exceeded.</status>
</kw>
<status status="FAIL" start="2024-05-28T11:53:34.640924" elapsed="0.011143">Maximum limit of started keywords and control structures exceeded.</status>
</kw>
<status status="FAIL" start="2024-05-28T11:53:34.640924" elapsed="0.011143">Maximum limit of started keywords and control structures exceeded.</status>
</kw>
<status status="FAIL" start="2024-05-28T11:53:34.640924" elapsed="0.012162">Maximum limit of started keywords and control structures exceeded.</status>
</kw>
<status status="FAIL" start="2024-05-28T11:53:34.639911" elapsed="0.013175">Maximum limit of started keywords and control structures exceeded.</status>
</kw>
<status status="FAIL" start="2024-05-28T11:53:34.639911" elapsed="0.013175">Maximum limit of started keywords and control structures exceeded.</status>
</kw>
[...]
<kw name="get text xpath://div[@class='center-2']" source_name="${len}">
<kw name="get text xpath://div[@class='center-2']" source_name="${len}">
<kw name="get text xpath://div[@class='center-2']" source_name="${len}">
<kw name="get text xpath://div[@class='center-2']" source_name="${len}">
<kw name="get text xpath://div[@class='center-2']" source_name="${len}">
<kw name="get text xpath://div[@class='center-2']" source_name="${len}">
<kw name="get text xpath://div[@class='center-2']" source_name="${len}">
<kw name="get text xpath://div[@class='center-2']" source_name="${len}">
<kw name="get text xpath://div[@class='center-2']" source_name="${len}">
<kw name="get text xpath://div[@class='center-2']" source_name="${len}">
<kw name="get text xpath://div[@class='center-2']" source_name="${len}">
<kw name="get text xpath://div[@class='center-2']" source_name="${len}">
<kw name="get text xpath://div[@class='center-2']" source_name="${len}">
<kw name="get text xpath://div[@class='center-2']" source_name="${len}">
<kw name="get text xpath://div[@class='center-2']" source_name="${len}">
<kw name="get text xpath://div[@class='center-2']" source_name="${len}">
<kw name="get text xpath://div[@class='center-2']" source_name="${len}">
<kw name="get text xpath://div[@class='center-2']" source_name="${len}">
<kw name="get text xpath://div[@class='center-2']" source_name="${len}">
<kw name="get text xpath://div[@class='center-2']" source_name="${len}">
<kw name="get text xpath://div[@class='center-2']" source_name="${len}">
<kw name="get text xpath://div[@class='center-2']" source_name="${len}">
<kw name="get text xpath://div[@class='center-2']" source_name="${len}">
<kw name="get text xpath://div[@class='center-2']" source_name="${len}">
<kw name="get text xpath://div[@class='center-2']" source_name="${len}">
<kw name="get text xpath://div[@class='center-2']" source_name="${len}">
<kw name="get text xpath://div[@class='center-2']" source_name="${len}">
<kw name="get text xpath://div[@class='center-2']" source_name="${len}">
<kw name="get text xpath://div[@class='center-2']" source_name="${len}">
<kw name="get text xpath://div[@class='center-2']" source_name="${len}">
<kw name="get text xpath://div[@class='center-2']" source_name="${len}">
<kw name="get text xpath://div[@class='center-2']" source_name="${len}">
<kw name="get text xpath://div[@class='center-2']" source_name="${len}">
<kw name="get text xpath://div[@class='center-2']" source_name="${len}">
<kw name="get text xpath://div[@class='center-2']" source_name="${len}">
<kw name="get text xpath://div[@class='center-2']" source_name="${len}">
<kw name="get text xpath://div[@class='center-2']" source_name="${len}">
<kw name="get text xpath://div[@class='center-2']" source_name="${len}">
<kw name="get text xpath://div[@class='center-2']" source_name="${len}">
<kw name="get text xpath://div[@class='center-2']" source_name="${len}">
<kw name="get text xpath://div[@class='center-2']" source_name="${len}">
<kw name="get text xpath://div[@class='center-2']" source_name="${len}">
<kw name="get text xpath://div[@class='center-2']" source_name="${len}">
<kw name="get text xpath://div[@class='center-2']" source_name="${len}">
<kw name="get text xpath://div[@class='center-2']" source_name="${len}">
<kw name="get text xpath://div[@class='center-2']" source_name="${len}">
<kw name="get text xpath://div[@class='center-2']" source_name="${len}">
<kw name="get text xpath://div[@class='center-2']" source_name="${len}">
<kw name="get text xpath://div[@class='center-2']" source_name="${len}">
<kw name="get text xpath://div[@class='center-2']" source_name="${len}">
<kw name="get text xpath://div[@class='center-2']" source_name="${len}">
<kw name="get text xpath://div[@class='center-2']" source_name="${len}">
<kw name="get text xpath://div[@class='center-2']" source_name="${len}">
<kw name="get text xpath://div[@class='center-2']" source_name="${len}">
<kw name="get text xpath://div[@class='center-2']" source_name="${len}">
<kw name="get text xpath://div[@class='center-2']" source_name="${len}">
<kw name="get text xpath://div[@class='center-2']" source_name="${len}">
<kw name="get text xpath://div[@class='center-2']" source_name="${len}">
<kw name="get text xpath://div[@class='center-2']" source_name="${len}">
<kw name="get text xpath://div[@class='center-2']" source_name="${len}">
<kw name="get text xpath://div[@class='center-2']" source_name="${len}">
<kw name="get text xpath://div[@class='center-2']" source_name="${len}">
<kw name="get text xpath://div[@class='center-2']" source_name="${len}">
<kw name="get text xpath://div[@class='center-2']" source_name="${len}">
<kw name="get text xpath://div[@class='center-2']" source_name="${len}">
<kw name="get text xpath://div[@class='center-2']" source_name="${len}">
<kw name="get text xpath://div[@class='center-2']" source_name="${len}">
<kw name="get text xpath://div[@class='center-2']" source_name="${len}">
<kw name="get text xpath://div[@class='center-2']" source_name="${len}">
<kw name="get text xpath://div[@class='center-2']" source_name="${len}">
<kw name="get text xpath://div[@class='center-2']" source_name="${len}">
<kw name="get text xpath://div[@class='center-2']" source_name="${len}">
<kw name="get text xpath://div[@class='center-2']" source_name="${len}">
<kw name="get text xpath://div[@class='center-2']" source_name="${len}">
<kw name="get text xpath://div[@class='center-2']" source_name="${len}">
<msg time="2024-05-28T11:53:35.286380" level="FAIL">Maximum limit of started keywords and control structures exceeded.</msg>
<status status="FAIL" start="2024-05-28T11:53:35.283353" elapsed="0.003027">Maximum limit of started keywords and control structures exceeded.</status>
</kw>
<status status="FAIL" start="2024-05-28T11:53:35.282356" elapsed="0.005011">Maximum limit of started keywords and control structures exceeded.</status>
</kw>
<status status="FAIL" start="2024-05-28T11:53:35.281348" elapsed="0.007006">Maximum limit of started keywords and control structures exceeded.</status>
</kw>
<status status="FAIL" start="2024-05-28T11:53:35.279334" elapsed="0.010064">Maximum limit of started keywords and control structures exceeded.</status>
</kw>
<status status="FAIL" start="2024-05-28T11:53:35.277894" elapsed="0.011504">Maximum limit of started keywords and control structures exceeded.</status>
</kw>
<status status="FAIL" start="2024-05-28T11:53:35.277894" elapsed="0.011504">Maximum limit of started keywords and control structures exceeded.</status>
</kw>
<status status="FAIL" start="2024-05-28T11:53:35.276896" elapsed="0.013497">Maximum limit of started keywords and control structures exceeded.</status>
</kw>
<status status="FAIL" start="2024-05-28T11:53:35.275889" elapsed="0.014504">Maximum limit of started keywords and control structures exceeded.</status>
</kw>
<status status="FAIL" start="2024-05-28T11:53:35.275889" elapsed="0.015460">Maximum limit of started keywords and control structures exceeded.</status>
</kw>
<status status="FAIL" start="2024-05-28T11:53:35.274884" elapsed="0.016465">Maximum limit of started keywords and control structures exceeded.</status>
</kw>
<status status="FAIL" start="2024-05-28T11:53:35.274884" elapsed="0.017464">Maximum limit of started keywords and control structures exceeded.</status>
</kw>
<status status="FAIL" start="2024-05-28T11:53:35.273886" elapsed="0.018462">Maximum limit of started keywords and control structures exceeded.</status>
</kw>
<status status="FAIL" start="2024-05-28T11:53:35.273886" elapsed="0.018462">Maximum limit of started keywords and control structures exceeded.</status>
</kw>
<status status="FAIL" start="2024-05-28T11:53:35.273886" elapsed="0.019515">Maximum limit of started keywords and control structures exceeded.</status>
</kw>
<status status="FAIL" start="2024-05-28T11:53:35.273886" elapsed="0.019515">Maximum limit of started keywords and control structures exceeded.</status>
</kw>
<status status="FAIL" start="2024-05-28T11:53:35.272883" elapsed="0.020518">Maximum limit of started keywords and control structures exceeded.</status>
</kw>
<status status="FAIL" start="2024-05-28T11:53:35.272883" elapsed="0.020518">Maximum limit of started keywords and control structures exceeded.</status>
</kw>
<status status="FAIL" start="2024-05-28T11:53:35.272883" elapsed="0.021471">Maximum limit of started keywords and control structures exceeded.</status>
</kw>
<status status="FAIL" start="2024-05-28T11:53:35.271882" elapsed="0.022472">Maximum limit of started keywords and control structures exceeded.</status>
</kw>
<status status="FAIL" start="2024-05-28T11:53:35.271882" elapsed="0.022472">Maximum limit of started keywords and control structures exceeded.</status>
</kw>
<status status="FAIL" start="2024-05-28T11:53:35.271882" elapsed="0.022472">Maximum limit of started keywords and control structures exceeded.</status>
</kw>
<status status="FAIL" start="2024-05-28T11:53:35.271882" elapsed="0.022472">Maximum limit of started keywords and control structures exceeded.</status>
</kw>
<status status="FAIL" start="2024-05-28T11:53:35.270882" elapsed="0.024523">Maximum limit of started keywords and control structures exceeded.</status>
</kw>
<status status="FAIL" start="2024-05-28T11:53:35.270882" elapsed="0.024523">Maximum limit of started keywords and control structures exceeded.</status>
</kw>
<status status="FAIL" start="2024-05-28T11:53:35.270882" elapsed="0.024523">Maximum limit of started keywords and control structures exceeded.</status>
</kw>
<status status="FAIL" start="2024-05-28T11:53:35.270882" elapsed="0.024523">Maximum limit of started keywords and control structures exceeded.</status>
</kw>
<status status="FAIL" start="2024-05-28T11:53:35.270882" elapsed="0.025467">Maximum limit of started keywords and control structures exceeded.</status>
</kw>
<status status="FAIL" start="2024-05-28T11:53:35.269884" elapsed="0.026465">Maximum limit of started keywords and control structures exceeded.</status>
</kw>
<status status="FAIL" start="2024-05-28T11:53:35.269884" elapsed="0.026465">Maximum limit of started keywords and control structures exceeded.</status>
</kw>
<status status="FAIL" start="2024-05-28T11:53:35.269884" elapsed="0.026465">Maximum limit of started keywords and control structures exceeded.</status>
</kw>
<status status="FAIL" start="2024-05-28T11:53:35.269884" elapsed="0.027466">Maximum limit of started keywords and control structures exceeded.</status>
</kw>
<status status="FAIL" start="2024-05-28T11:53:35.268882" elapsed="0.028468">Maximum limit of started keywords and control structures exceeded.</status>
</kw>
<status status="FAIL" start="2024-05-28T11:53:35.268882" elapsed="0.028468">Maximum limit of started keywords and control structures exceeded.</status>
</kw>
<status status="FAIL" start="2024-05-28T11:53:35.267881" elapsed="0.030517">Maximum limit of started keywords and control structures exceeded.</status>
</kw>
<status status="FAIL" start="2024-05-28T11:53:35.267881" elapsed="0.030517">Maximum limit of started keywords and control structures exceeded.</status>
</kw>
<status status="FAIL" start="2024-05-28T11:53:35.267881" elapsed="0.031531">Maximum limit of started keywords and control structures exceeded.</status>
</kw>
<status status="FAIL" start="2024-05-28T11:53:35.267881" elapsed="0.031531">Maximum limit of started keywords and control structures exceeded.</status>
</kw>
<status status="FAIL" start="2024-05-28T11:53:35.267881" elapsed="0.031531">Maximum limit of started keywords and control structures exceeded.</status>
</kw>
<status status="FAIL" start="2024-05-28T11:53:35.266884" elapsed="0.032528">Maximum limit of started keywords and control structures exceeded.</status>
</kw>
<status status="FAIL" start="2024-05-28T11:53:35.266884" elapsed="0.033470">Maximum limit of started keywords and control structures exceeded.</status>
</kw>
<status status="FAIL" start="2024-05-28T11:53:35.266884" elapsed="0.033470">Maximum limit of started keywords and control structures exceeded.</status>
</kw>
<status status="FAIL" start="2024-05-28T11:53:35.266884" elapsed="0.033470">Maximum limit of started keywords and control structures exceeded.</status>
</kw>
<status status="FAIL" start="2024-05-28T11:53:35.265883" elapsed="0.034471">Maximum limit of started keywords and control structures exceeded.</status>
</kw>
<status status="FAIL" start="2024-05-28T11:53:35.265883" elapsed="0.035521">Maximum limit of started keywords and control structures exceeded.</status>
</kw>
<status status="FAIL" start="2024-05-28T11:53:35.265883" elapsed="0.035521">Maximum limit of started keywords and control structures exceeded.</status>
</kw>
<status status="FAIL" start="2024-05-28T11:53:35.264884" elapsed="0.036520">Maximum limit of started keywords and control structures exceeded.</status>
</kw>
<status status="FAIL" start="2024-05-28T11:53:35.264884" elapsed="0.038466">Maximum limit of started keywords and control structures exceeded.</status>
</kw>
<status status="FAIL" start="2024-05-28T11:53:35.264884" elapsed="0.038466">Maximum limit of started keywords and control structures exceeded.</status>
</kw>
<status status="FAIL" start="2024-05-28T11:53:35.263940" elapsed="0.039410">Maximum limit of started keywords and control structures exceeded.</status>
</kw>
<status status="FAIL" start="2024-05-28T11:53:35.262888" elapsed="0.040462">Maximum limit of started keywords and control structures exceeded.</status>
</kw>
<status status="FAIL" start="2024-05-28T11:53:35.262888" elapsed="0.040462">Maximum limit of started keywords and control structures exceeded.</status>
</kw>
<status status="FAIL" start="2024-05-28T11:53:35.262888" elapsed="0.040462">Maximum limit of started keywords and control structures exceeded.</status>
</kw>
<status status="FAIL" start="2024-05-28T11:53:35.261885" elapsed="0.042462">Maximum limit of started keywords and control structures exceeded.</status>
</kw>
<status status="FAIL" start="2024-05-28T11:53:35.261885" elapsed="0.042462">Maximum limit of started keywords and control structures exceeded.</status>
</kw>
<status status="FAIL" start="2024-05-28T11:53:35.260887" elapsed="0.043460">Maximum limit of started keywords and control structures exceeded.</status>
</kw>
<status status="FAIL" start="2024-05-28T11:53:35.260887" elapsed="0.043460">Maximum limit of started keywords and control structures exceeded.</status>
</kw>
<status status="FAIL" start="2024-05-28T11:53:35.260887" elapsed="0.043460">Maximum limit of started keywords and control structures exceeded.</status>
</kw>
<status status="FAIL" start="2024-05-28T11:53:35.260887" elapsed="0.043460">Maximum limit of started keywords and control structures exceeded.</status>
</kw>
<status status="FAIL" start="2024-05-28T11:53:35.259889" elapsed="0.045463">Maximum limit of started keywords and control structures exceeded.</status>
</kw>
<status status="FAIL" start="2024-05-28T11:53:35.258891" elapsed="0.046461">Maximum limit of started keywords and control structures exceeded.</status>
</kw>
<status status="FAIL" start="2024-05-28T11:53:35.257892" elapsed="0.048500">Maximum limit of started keywords and control structures exceeded.</status>
</kw>
<status status="FAIL" start="2024-05-28T11:53:35.256897" elapsed="0.050498">Maximum limit of started keywords and control structures exceeded.</status>
</kw>
<status status="FAIL" start="2024-05-28T11:53:35.256897" elapsed="0.050498">Maximum limit of started keywords and control structures exceeded.</status>
</kw>
<status status="FAIL" start="2024-05-28T11:53:35.255897" elapsed="0.051498">Maximum limit of started keywords and control structures exceeded.</status>
</kw>
<status status="FAIL" start="2024-05-28T11:53:35.255897" elapsed="0.052506">Maximum limit of started keywords and control structures exceeded.</status>
</kw>
<status status="FAIL" start="2024-05-28T11:53:35.255897" elapsed="0.052506">Maximum limit of started keywords and control structures exceeded.</status>
</kw>
<status status="FAIL" start="2024-05-28T11:53:35.255897" elapsed="0.052506">Maximum limit of started keywords and control structures exceeded.</status>
</kw>
<status status="FAIL" start="2024-05-28T11:53:35.255897" elapsed="0.052506">Maximum limit of started keywords and control structures exceeded.</status>
</kw>
<status status="FAIL" start="2024-05-28T11:53:35.254890" elapsed="0.053513">Maximum limit of started keywords and control structures exceeded.</status>
</kw>
<status status="FAIL" start="2024-05-28T11:53:35.254890" elapsed="0.054502">Maximum limit of started keywords and control structures exceeded.</status>
</kw>
<status status="FAIL" start="2024-05-28T11:53:35.254890" elapsed="0.054502">Maximum limit of started keywords and control structures exceeded.</status>
</kw>
<status status="FAIL" start="2024-05-28T11:53:35.254890" elapsed="0.054502">Maximum limit of started keywords and control structures exceeded.</status>
</kw>
<status status="FAIL" start="2024-05-28T11:53:35.253885" elapsed="0.055507">Maximum limit of started keywords and control structures exceeded.</status>
</kw>
<status status="FAIL" start="2024-05-28T11:53:35.253885" elapsed="0.055507">Maximum limit of started keywords and control structures exceeded.</status>
</kw>
<status status="FAIL" start="2024-05-28T11:53:35.253885" elapsed="0.056469">Maximum limit of started keywords and control structures exceeded.</status>
</kw>
<status status="FAIL" start="2024-05-28T11:53:35.252886" elapsed="0.057468">Maximum limit of started keywords and control structures exceeded.</status>
</kw>
<status status="FAIL" start="2024-05-28T11:53:35.252886" elapsed="0.057468">Maximum limit of started keywords and control structures exceeded.</status>
</kw>
<status status="FAIL" start="2024-05-28T11:53:35.251934" elapsed="0.058420">Maximum limit of started keywords and control structures exceeded.</status>
</kw>
<status status="FAIL" start="2024-05-28T11:53:35.251934" elapsed="0.058420">Maximum limit of started keywords and control structures exceeded.</status>
</kw>
<status status="FAIL" start="2024-05-28T11:53:35.251934" elapsed="0.058420">Maximum limit of started keywords and control structures exceeded.</status>
</kw>
<status status="FAIL" start="2024-05-28T11:53:35.250981" elapsed="0.059373">Maximum limit of started keywords and control structures exceeded.</status>
</kw>
<status status="FAIL" start="2024-05-28T11:53:35.250981" elapsed="0.059373">Maximum limit of started keywords and control structures exceeded.</status>
</kw>
<status status="FAIL" start="2024-05-28T11:53:35.249885" elapsed="0.061465">Maximum limit of started keywords and control structures exceeded.</status>
</kw>
<status status="FAIL" start="2024-05-28T11:53:35.249885" elapsed="0.061465">Maximum limit of started keywords and control structures exceeded.</status>
</kw>
<status status="FAIL" start="2024-05-28T11:53:35.248887" elapsed="0.062463">Maximum limit of started keywords and control structures exceeded.</status>
</kw>
<status status="FAIL" start="2024-05-28T11:53:35.248887" elapsed="0.062463">Maximum limit of started keywords and control structures exceeded.</status>
</kw>
<status status="FAIL" start="2024-05-28T11:53:35.246887" elapsed="0.064463">Maximum limit of started keywords and control structures exceeded.</status>
</kw>
<status status="FAIL" start="2024-05-28T11:53:35.169459" elapsed="0.142894">Setup failed:
Maximum limit of started keywords and control structures exceeded.

Also teardown failed:
Maximum limit of started keywords and control structures exceeded.</status>
</test>
<doc>Tests to validate Computer service</doc>
<status status="FAIL" start="2024-05-28T11:53:33.983875" elapsed="1.330475"/>
</suite>
<statistics>
<total>
<stat pass="0" fail="7" skip="0">All Tests</stat>
</total>
<tag>
</tag>
<suite>
<stat pass="0" fail="7" skip="0" id="s1" name="Test Computerservice">Test Computerservice</stat>
</suite>
</statistics>
<errors>
</errors>
</robot>
