<?xml version="1.0" encoding="UTF-8"?>
<robot generator="Robot 7.0 (Python 3.12.2 on win32)" generated="2024-05-28T09:47:48.690588" rpa="false" schemaversion="5">
<suite id="s1" name="Final Project" source="D:\final_project">
<suite id="s1-s1" name="TestCases" source="D:\final_project\TestCases">
<suite id="s1-s1-s1" name="Test Computers" source="D:\final_project\TestCases\Test_Computers.robot">
<test id="s1-s1-s1-t1" name="Select the Desktops from computers" line="11">
<kw name="Open the Browser with url" owner="GenericResource" type="SETUP">
<kw name="Create Webdriver" owner="SeleniumLibrary">
<msg time="2024-05-28T09:47:49.389519" level="INFO">Creating an instance of the Chrome WebDriver.</msg>
<arg>Chrome</arg>
<doc>Creates an instance of Selenium WebDriver.</doc>
<status status="PASS" start="2024-05-28T09:47:49.388519" elapsed="7.241421"/>
</kw>
<kw name="Go To" owner="SeleniumLibrary">
<msg time="2024-05-28T09:47:56.632253" level="INFO">Opening url 'https://demowebshop.tricentis.com'</msg>
<arg>${URL}</arg>
<doc>Navigates the current browser window to the provided ``url``.</doc>
<status status="PASS" start="2024-05-28T09:47:56.631238" elapsed="4.284810"/>
</kw>
<kw name="Maximize Browser Window" owner="SeleniumLibrary">
<doc>Maximizes current browser window.</doc>
<status status="PASS" start="2024-05-28T09:48:00.917057" elapsed="0.295931"/>
</kw>
<kw name="Set Selenium Implicit Wait" owner="SeleniumLibrary">
<arg>5</arg>
<doc>Sets the implicit wait value used by Selenium.</doc>
<status status="PASS" start="2024-05-28T09:48:01.213989" elapsed="0.006024"/>
</kw>
<status status="PASS" start="2024-05-28T09:47:49.383519" elapsed="11.837726"/>
</kw>
<kw name="Click the Desktops option" owner="computer">
<kw name="Click Link" owner="SeleniumLibrary">
<msg time="2024-05-28T09:48:01.227268" level="INFO">Clicking link 'css:ul[class='top-menu'] a[href='/computers']'.</msg>
<arg>${computers}</arg>
<doc>Clicks a link identified by ``locator``.</doc>
<status status="PASS" start="2024-05-28T09:48:01.226260" elapsed="1.452393"/>
</kw>
<kw name="Click Link" owner="SeleniumLibrary">
<msg time="2024-05-28T09:48:02.680657" level="INFO">Clicking link 'css:h2[class='title'] a[href='/desktops']'.</msg>
<arg>${desktops}</arg>
<doc>Clicks a link identified by ``locator``.</doc>
<status status="PASS" start="2024-05-28T09:48:02.679656" elapsed="0.826466"/>
</kw>
<kw name="Select From List By Value" owner="SeleniumLibrary">
<msg time="2024-05-28T09:48:03.508123" level="INFO">Selecting options from selection list 'id:products-orderby' by value https://demowebshop.tricentis.com/desktops?orderby=5.</msg>
<arg>id:products-orderby</arg>
<arg>https://demowebshop.tricentis.com/desktops?orderby=5</arg>
<doc>Selects options from selection list ``locator`` by ``values``.</doc>
<status status="PASS" start="2024-05-28T09:48:03.507123" elapsed="0.873469"/>
</kw>
<kw name="Select From List By Value" owner="SeleniumLibrary">
<msg time="2024-05-28T09:48:04.386938" level="INFO">Selecting options from selection list 'id:products-pagesize' by value https://demowebshop.tricentis.com/desktops?orderby=5&amp;pagesize=4.</msg>
<arg>id:products-pagesize</arg>
<arg>https://demowebshop.tricentis.com/desktops?orderby=5&amp;pagesize=4</arg>
<doc>Selects options from selection list ``locator`` by ``values``.</doc>
<status status="PASS" start="2024-05-28T09:48:04.382591" elapsed="0.968076"/>
</kw>
<kw name="Select From List By Value" owner="SeleniumLibrary">
<msg time="2024-05-28T09:48:05.354635" level="INFO">Selecting options from selection list 'id:products-viewmode' by value https://demowebshop.tricentis.com/desktops?orderby=5&amp;pagesize=4&amp;viewmode=grid.</msg>
<arg>id:products-viewmode</arg>
<arg>https://demowebshop.tricentis.com/desktops?orderby=5&amp;pagesize=4&amp;viewmode=grid</arg>
<doc>Selects options from selection list ``locator`` by ``values``.</doc>
<status status="PASS" start="2024-05-28T09:48:05.352632" elapsed="0.148097"/>
</kw>
<kw name="Click Link" owner="SeleniumLibrary">
<msg time="2024-05-28T09:48:05.501732" level="INFO">Clicking link '//a[normalize-space()='Build your own cheap computer']'.</msg>
<arg>//a[normalize-space()='Build your own cheap computer']</arg>
<doc>Clicks a link identified by ``locator``.</doc>
<status status="PASS" start="2024-05-28T09:48:05.500729" elapsed="1.241493"/>
</kw>
<kw name="Element Text Should Be" owner="SeleniumLibrary">
<msg time="2024-05-28T09:48:06.745372" level="INFO">Verifying element 'xpath://div[@class='product-name']//child::h1[normalize-space()='Build your own cheap computer']' contains exact text 'Build your own cheap computer'.</msg>
<arg>${desktop_assert}</arg>
<arg>Build your own cheap computer</arg>
<doc>Verifies that element ``locator`` contains exact the text ``expected``.</doc>
<status status="PASS" start="2024-05-28T09:48:06.743308" elapsed="0.061705"/>
</kw>
<status status="PASS" start="2024-05-28T09:48:01.224277" elapsed="5.580736"/>
</kw>
<kw name="Close Browser session" owner="GenericResource" type="TEARDOWN">
<kw name="Close Browser" owner="SeleniumLibrary">
<doc>Closes the current browser.</doc>
<status status="PASS" start="2024-05-28T09:48:06.808052" elapsed="2.576875"/>
</kw>
<status status="PASS" start="2024-05-28T09:48:06.807053" elapsed="2.577874"/>
</kw>
<status status="PASS" start="2024-05-28T09:47:49.382517" elapsed="20.003979"/>
</test>
<test id="s1-s1-s1-t2" name="Select the Notebooks from computers" line="15">
<kw name="Open the Browser with url" owner="GenericResource" type="SETUP">
<kw name="Create Webdriver" owner="SeleniumLibrary">
<msg time="2024-05-28T09:48:09.395973" level="INFO">Creating an instance of the Chrome WebDriver.</msg>
<arg>Chrome</arg>
<doc>Creates an instance of Selenium WebDriver.</doc>
<status status="PASS" start="2024-05-28T09:48:09.395973" elapsed="3.702445"/>
</kw>
<kw name="Go To" owner="SeleniumLibrary">
<msg time="2024-05-28T09:48:13.098418" level="INFO">Opening url 'https://demowebshop.tricentis.com'</msg>
<arg>${URL}</arg>
<doc>Navigates the current browser window to the provided ``url``.</doc>
<status status="PASS" start="2024-05-28T09:48:13.098418" elapsed="4.578617"/>
</kw>
<kw name="Maximize Browser Window" owner="SeleniumLibrary">
<doc>Maximizes current browser window.</doc>
<status status="PASS" start="2024-05-28T09:48:17.680041" elapsed="0.192264"/>
</kw>
<kw name="Set Selenium Implicit Wait" owner="SeleniumLibrary">
<arg>5</arg>
<doc>Sets the implicit wait value used by Selenium.</doc>
<status status="PASS" start="2024-05-28T09:48:17.875377" elapsed="0.023185"/>
</kw>
<status status="PASS" start="2024-05-28T09:48:09.394972" elapsed="8.503590"/>
</kw>
<kw name="Click the Notebooks option" owner="computer">
<kw name="Click Link" owner="SeleniumLibrary">
<msg time="2024-05-28T09:48:17.905308" level="INFO">Clicking link 'css:ul[class='top-menu'] a[href='/computers']'.</msg>
<arg>${computers}</arg>
<doc>Clicks a link identified by ``locator``.</doc>
<status status="PASS" start="2024-05-28T09:48:17.903806" elapsed="1.183772"/>
</kw>
<kw name="Click Link" owner="SeleniumLibrary">
<msg time="2024-05-28T09:48:19.091622" level="INFO">Clicking link 'css:h2[class='title'] a[href='/notebooks']'.</msg>
<arg>${Notebooks}</arg>
<doc>Clicks a link identified by ``locator``.</doc>
<status status="PASS" start="2024-05-28T09:48:19.089637" elapsed="0.975606"/>
</kw>
<kw name="Select From List By Value" owner="SeleniumLibrary">
<msg time="2024-05-28T09:48:20.067573" level="INFO">Selecting options from selection list 'id:products-orderby' by value https://demowebshop.tricentis.com/notebooks?orderby=10.</msg>
<arg>id:products-orderby</arg>
<arg>https://demowebshop.tricentis.com/notebooks?orderby=10</arg>
<doc>Selects options from selection list ``locator`` by ``values``.</doc>
<status status="PASS" start="2024-05-28T09:48:20.066243" elapsed="1.012288"/>
</kw>
<kw name="Select From List By Value" owner="SeleniumLibrary">
<msg time="2024-05-28T09:48:21.080539" level="INFO">Selecting options from selection list 'id:products-pagesize' by value https://demowebshop.tricentis.com/notebooks?orderby=10&amp;pagesize=8.</msg>
<arg>id:products-pagesize</arg>
<arg>https://demowebshop.tricentis.com/notebooks?orderby=10&amp;pagesize=8</arg>
<doc>Selects options from selection list ``locator`` by ``values``.</doc>
<status status="PASS" start="2024-05-28T09:48:21.079541" elapsed="0.135136"/>
</kw>
<kw name="Select From List By Value" owner="SeleniumLibrary">
<msg time="2024-05-28T09:48:21.217686" level="INFO">Selecting options from selection list 'id:products-viewmode' by value https://demowebshop.tricentis.com/notebooks?orderby=10&amp;viewmode=grid.</msg>
<arg>id:products-viewmode</arg>
<arg>https://demowebshop.tricentis.com/notebooks?orderby=10&amp;viewmode=grid</arg>
<doc>Selects options from selection list ``locator`` by ``values``.</doc>
<status status="PASS" start="2024-05-28T09:48:21.214677" elapsed="0.093494"/>
</kw>
<kw name="Click Link" owner="SeleniumLibrary">
<msg time="2024-05-28T09:48:21.309184" level="INFO">Clicking link '//a[normalize-space()='14.1-inch Laptop']'.</msg>
<arg>//a[normalize-space()='14.1-inch Laptop']</arg>
<doc>Clicks a link identified by ``locator``.</doc>
<status status="PASS" start="2024-05-28T09:48:21.309184" elapsed="2.282189"/>
</kw>
<kw name="Element Text Should Be" owner="SeleniumLibrary">
<msg time="2024-05-28T09:48:23.594384" level="INFO">Verifying element 'xpath://div[@class='product-name']//child::h1[normalize-space()='14.1-inch Laptop']' contains exact text '14.1-inch Laptop'.</msg>
<arg>${notebook_assert}</arg>
<arg>14.1-inch Laptop</arg>
<doc>Verifies that element ``locator`` contains exact the text ``expected``.</doc>
<status status="PASS" start="2024-05-28T09:48:23.593386" elapsed="0.048681"/>
</kw>
<status status="PASS" start="2024-05-28T09:48:17.900733" elapsed="5.742786"/>
</kw>
<kw name="Close Browser session" owner="GenericResource" type="TEARDOWN">
<kw name="Close Browser" owner="SeleniumLibrary">
<doc>Closes the current browser.</doc>
<status status="PASS" start="2024-05-28T09:48:23.645538" elapsed="2.363896"/>
</kw>
<status status="PASS" start="2024-05-28T09:48:23.644547" elapsed="2.364887"/>
</kw>
<status status="PASS" start="2024-05-28T09:48:09.391954" elapsed="16.617480"/>
</test>
<test id="s1-s1-s1-t3" name="Select the Accessories from computers" line="19">
<kw name="Open the Browser with url" owner="GenericResource" type="SETUP">
<kw name="Create Webdriver" owner="SeleniumLibrary">
<msg time="2024-05-28T09:48:26.013463" level="INFO">Creating an instance of the Chrome WebDriver.</msg>
<arg>Chrome</arg>
<doc>Creates an instance of Selenium WebDriver.</doc>
<status status="PASS" start="2024-05-28T09:48:26.013463" elapsed="2.815191"/>
</kw>
<kw name="Go To" owner="SeleniumLibrary">
<msg time="2024-05-28T09:48:28.829646" level="INFO">Opening url 'https://demowebshop.tricentis.com'</msg>
<arg>${URL}</arg>
<doc>Navigates the current browser window to the provided ``url``.</doc>
<status status="PASS" start="2024-05-28T09:48:28.828654" elapsed="3.048523"/>
</kw>
<kw name="Maximize Browser Window" owner="SeleniumLibrary">
<doc>Maximizes current browser window.</doc>
<status status="PASS" start="2024-05-28T09:48:31.886433" elapsed="0.065079"/>
</kw>
<kw name="Set Selenium Implicit Wait" owner="SeleniumLibrary">
<arg>5</arg>
<doc>Sets the implicit wait value used by Selenium.</doc>
<status status="PASS" start="2024-05-28T09:48:31.958518" elapsed="0.006000"/>
</kw>
<status status="PASS" start="2024-05-28T09:48:26.012455" elapsed="5.952063"/>
</kw>
<kw name="Click the Accessories option" owner="computer">
<kw name="Click Link" owner="SeleniumLibrary">
<msg time="2024-05-28T09:48:31.969509" level="INFO">Clicking link 'css:ul[class='top-menu'] a[href='/computers']'.</msg>
<arg>${computers}</arg>
<doc>Clicks a link identified by ``locator``.</doc>
<status status="PASS" start="2024-05-28T09:48:31.967506" elapsed="1.342996"/>
</kw>
<kw name="Click Link" owner="SeleniumLibrary">
<msg time="2024-05-28T09:48:33.312523" level="INFO">Clicking link 'css:h2[class='title'] a[href='/accessories']'.</msg>
<arg>${Accessories}</arg>
<doc>Clicks a link identified by ``locator``.</doc>
<status status="PASS" start="2024-05-28T09:48:33.311497" elapsed="1.060471"/>
</kw>
<kw name="Select From List By Value" owner="SeleniumLibrary">
<msg time="2024-05-28T09:48:34.374008" level="INFO">Selecting options from selection list 'id:products-orderby' by value https://demowebshop.tricentis.com/accessories?orderby=15.</msg>
<arg>id:products-orderby</arg>
<arg>https://demowebshop.tricentis.com/accessories?orderby=15</arg>
<doc>Selects options from selection list ``locator`` by ``values``.</doc>
<status status="PASS" start="2024-05-28T09:48:34.372932" elapsed="1.041407"/>
</kw>
<kw name="Select From List By Value" owner="SeleniumLibrary">
<msg time="2024-05-28T09:48:35.417702" level="INFO">Selecting options from selection list 'id:products-pagesize' by value https://demowebshop.tricentis.com/accessories?orderby=15&amp;pagesize=8.</msg>
<arg>id:products-pagesize</arg>
<arg>https://demowebshop.tricentis.com/accessories?orderby=15&amp;pagesize=8</arg>
<doc>Selects options from selection list ``locator`` by ``values``.</doc>
<status status="PASS" start="2024-05-28T09:48:35.415598" elapsed="0.124812"/>
</kw>
<kw name="Select From List By Value" owner="SeleniumLibrary">
<msg time="2024-05-28T09:48:35.541366" level="INFO">Selecting options from selection list 'id:products-viewmode' by value https://demowebshop.tricentis.com/accessories?orderby=15&amp;viewmode=grid.</msg>
<arg>id:products-viewmode</arg>
<arg>https://demowebshop.tricentis.com/accessories?orderby=15&amp;viewmode=grid</arg>
<doc>Selects options from selection list ``locator`` by ``values``.</doc>
<status status="PASS" start="2024-05-28T09:48:35.540410" elapsed="0.083731"/>
</kw>
<kw name="Click Link" owner="SeleniumLibrary">
<msg time="2024-05-28T09:48:35.625142" level="INFO">Clicking link '//a[normalize-space()='TCP Self-Paced Training additional month']'.</msg>
<arg>//a[normalize-space()='TCP Self-Paced Training additional month']</arg>
<doc>Clicks a link identified by ``locator``.</doc>
<status status="PASS" start="2024-05-28T09:48:35.624141" elapsed="1.804072"/>
</kw>
<kw name="Element Text Should Be" owner="SeleniumLibrary">
<msg time="2024-05-28T09:48:37.431211" level="INFO">Verifying element 'xpath://div[@class='product-name']' contains exact text 'TCP Self-Paced Training additional month'.</msg>
<arg>${Accessories_assert}</arg>
<arg>TCP Self-Paced Training additional month</arg>
<doc>Verifies that element ``locator`` contains exact the text ``expected``.</doc>
<status status="PASS" start="2024-05-28T09:48:37.429211" elapsed="0.108543"/>
</kw>
<status status="PASS" start="2024-05-28T09:48:31.965552" elapsed="5.572202"/>
</kw>
<kw name="Close Browser session" owner="GenericResource" type="TEARDOWN">
<kw name="Close Browser" owner="SeleniumLibrary">
<doc>Closes the current browser.</doc>
<status status="PASS" start="2024-05-28T09:48:37.541967" elapsed="2.447278"/>
</kw>
<status status="PASS" start="2024-05-28T09:48:37.539961" elapsed="2.450718"/>
</kw>
<status status="PASS" start="2024-05-28T09:48:26.010428" elapsed="13.980251"/>
</test>
<doc>Tests to validate Computer dropdowns</doc>
<status status="PASS" start="2024-05-28T09:47:48.744720" elapsed="51.262239"/>
</suite>
<status status="PASS" start="2024-05-28T09:47:48.742433" elapsed="51.275335"/>
</suite>
<status status="PASS" start="2024-05-28T09:47:48.715223" elapsed="51.305533"/>
</suite>
<statistics>
<total>
<stat pass="3" fail="0" skip="0">All Tests</stat>
</total>
<tag>
</tag>
<suite>
<stat pass="3" fail="0" skip="0" id="s1" name="Final Project">Final Project</stat>
<stat pass="3" fail="0" skip="0" id="s1-s1" name="TestCases">Final Project.TestCases</stat>
<stat pass="3" fail="0" skip="0" id="s1-s1-s1" name="Test Computers">Final Project.TestCases.Test Computers</stat>
</suite>
</statistics>
<errors>
</errors>
</robot>
