<?xml version="1.0" encoding="UTF-8"?>
<robot generator="Robot 7.0 (Python 3.12.2 on win32)" generated="2024-05-28T09:55:56.034696" rpa="false" schemaversion="5">
<suite id="s1" name="TestCases" source="D:\final_project\TestCases">
<suite id="s1-s1" name="Test Computers" source="D:\final_project\TestCases\Test_Computers.robot">
<test id="s1-s1-t1" name="Select the Desktops from computers" line="11">
<kw name="Open the Browser with url" owner="GenericResource" type="SETUP">
<kw name="Create Webdriver" owner="SeleniumLibrary">
<msg time="2024-05-28T09:55:56.560997" level="INFO">Creating an instance of the Chrome WebDriver.</msg>
<arg>Chrome</arg>
<doc>Creates an instance of Selenium WebDriver.</doc>
<status status="PASS" start="2024-05-28T09:55:56.560997" elapsed="3.430980"/>
</kw>
<kw name="Go To" owner="SeleniumLibrary">
<msg time="2024-05-28T09:55:59.997012" level="INFO">Opening url 'https://demowebshop.tricentis.com'</msg>
<arg>${URL}</arg>
<doc>Navigates the current browser window to the provided ``url``.</doc>
<status status="PASS" start="2024-05-28T09:55:59.995978" elapsed="3.441249"/>
</kw>
<kw name="Maximize Browser Window" owner="SeleniumLibrary">
<doc>Maximizes current browser window.</doc>
<status status="PASS" start="2024-05-28T09:56:03.441232" elapsed="0.143955"/>
</kw>
<kw name="Set Selenium Implicit Wait" owner="SeleniumLibrary">
<arg>5</arg>
<doc>Sets the implicit wait value used by Selenium.</doc>
<status status="PASS" start="2024-05-28T09:56:03.589169" elapsed="0.006350"/>
</kw>
<status status="PASS" start="2024-05-28T09:55:56.559001" elapsed="7.037495"/>
</kw>
<kw name="Click the Desktops option" owner="computer">
<kw name="Click Link" owner="SeleniumLibrary">
<msg time="2024-05-28T09:56:03.602498" level="INFO">Clicking link 'css:ul[class='top-menu'] a[href='/computers']'.</msg>
<arg>${computers}</arg>
<doc>Clicks a link identified by ``locator``.</doc>
<status status="PASS" start="2024-05-28T09:56:03.600503" elapsed="1.072459"/>
</kw>
<kw name="Click Link" owner="SeleniumLibrary">
<msg time="2024-05-28T09:56:04.676732" level="INFO">Clicking link 'css:h2[class='title'] a[href='/desktops']'.</msg>
<arg>${desktops}</arg>
<doc>Clicks a link identified by ``locator``.</doc>
<status status="PASS" start="2024-05-28T09:56:04.674966" elapsed="0.784814"/>
</kw>
<kw name="Select From List By Value" owner="SeleniumLibrary">
<msg time="2024-05-28T09:56:05.464060" level="INFO">Selecting options from selection list 'id:products-orderby' by value https://demowebshop.tricentis.com/desktops?orderby=5.</msg>
<arg>id:products-orderby</arg>
<arg>https://demowebshop.tricentis.com/desktops?orderby=5</arg>
<doc>Selects options from selection list ``locator`` by ``values``.</doc>
<status status="PASS" start="2024-05-28T09:56:05.463050" elapsed="0.836441"/>
</kw>
<kw name="Select From List By Value" owner="SeleniumLibrary">
<msg time="2024-05-28T09:56:06.306164" level="INFO">Selecting options from selection list 'id:products-pagesize' by value https://demowebshop.tricentis.com/desktops?orderby=5&amp;pagesize=4.</msg>
<arg>id:products-pagesize</arg>
<arg>https://demowebshop.tricentis.com/desktops?orderby=5&amp;pagesize=4</arg>
<doc>Selects options from selection list ``locator`` by ``values``.</doc>
<status status="PASS" start="2024-05-28T09:56:06.304140" elapsed="0.818565"/>
</kw>
<kw name="Select From List By Value" owner="SeleniumLibrary">
<msg time="2024-05-28T09:56:07.127813" level="INFO">Selecting options from selection list 'id:products-viewmode' by value https://demowebshop.tricentis.com/desktops?orderby=5&amp;pagesize=4&amp;viewmode=grid.</msg>
<arg>id:products-viewmode</arg>
<arg>https://demowebshop.tricentis.com/desktops?orderby=5&amp;pagesize=4&amp;viewmode=grid</arg>
<doc>Selects options from selection list ``locator`` by ``values``.</doc>
<status status="PASS" start="2024-05-28T09:56:07.127813" elapsed="0.107090"/>
</kw>
<kw name="Click Link" owner="SeleniumLibrary">
<msg time="2024-05-28T09:56:07.237885" level="INFO">Clicking link '//a[normalize-space()='Build your own cheap computer']'.</msg>
<arg>//a[normalize-space()='Build your own cheap computer']</arg>
<doc>Clicks a link identified by ``locator``.</doc>
<status status="PASS" start="2024-05-28T09:56:07.236890" elapsed="1.294075"/>
</kw>
<kw name="Element Text Should Be" owner="SeleniumLibrary">
<msg time="2024-05-28T09:56:08.536408" level="INFO">Verifying element 'xpath://div[@class='product-name']//child::h1[normalize-space()='Build your own cheap computer']' contains exact text 'Build your own cheap computer'.</msg>
<arg>${desktop_assert}</arg>
<arg>Build your own cheap computer</arg>
<doc>Verifies that element ``locator`` contains exact the text ``expected``.</doc>
<status status="PASS" start="2024-05-28T09:56:08.535406" elapsed="0.080422"/>
</kw>
<status status="PASS" start="2024-05-28T09:56:03.598506" elapsed="5.020440"/>
</kw>
<kw name="Close Browser session" owner="GenericResource" type="TEARDOWN">
<kw name="Close Browser" owner="SeleniumLibrary">
<doc>Closes the current browser.</doc>
<status status="PASS" start="2024-05-28T09:56:08.622975" elapsed="2.565958"/>
</kw>
<status status="PASS" start="2024-05-28T09:56:08.620967" elapsed="2.569076"/>
</kw>
<tag>smoke</tag>
<status status="PASS" start="2024-05-28T09:55:56.557996" elapsed="14.633967"/>
</test>
<test id="s1-s1-t2" name="Select the Notebooks from computers" line="16">
<kw name="Open the Browser with url" owner="GenericResource" type="SETUP">
<kw name="Create Webdriver" owner="SeleniumLibrary">
<msg time="2024-05-28T09:56:11.206921" level="INFO">Creating an instance of the Chrome WebDriver.</msg>
<arg>Chrome</arg>
<doc>Creates an instance of Selenium WebDriver.</doc>
<status status="PASS" start="2024-05-28T09:56:11.205921" elapsed="3.825144"/>
</kw>
<kw name="Go To" owner="SeleniumLibrary">
<msg time="2024-05-28T09:56:15.039224" level="INFO">Opening url 'https://demowebshop.tricentis.com'</msg>
<arg>${URL}</arg>
<doc>Navigates the current browser window to the provided ``url``.</doc>
<status status="PASS" start="2024-05-28T09:56:15.038232" elapsed="4.352159"/>
</kw>
<kw name="Maximize Browser Window" owner="SeleniumLibrary">
<doc>Maximizes current browser window.</doc>
<status status="PASS" start="2024-05-28T09:56:19.392396" elapsed="0.181296"/>
</kw>
<kw name="Set Selenium Implicit Wait" owner="SeleniumLibrary">
<arg>5</arg>
<doc>Sets the implicit wait value used by Selenium.</doc>
<status status="PASS" start="2024-05-28T09:56:19.574693" elapsed="0.005995"/>
</kw>
<status status="PASS" start="2024-05-28T09:56:11.204933" elapsed="8.375755"/>
</kw>
<kw name="Click the Notebooks option" owner="computer">
<kw name="Click Link" owner="SeleniumLibrary">
<msg time="2024-05-28T09:56:19.590030" level="INFO">Clicking link 'css:ul[class='top-menu'] a[href='/computers']'.</msg>
<arg>${computers}</arg>
<doc>Clicks a link identified by ``locator``.</doc>
<status status="PASS" start="2024-05-28T09:56:19.584007" elapsed="1.039407"/>
</kw>
<kw name="Click Link" owner="SeleniumLibrary">
<msg time="2024-05-28T09:56:20.633133" level="INFO">Clicking link 'css:h2[class='title'] a[href='/notebooks']'.</msg>
<arg>${Notebooks}</arg>
<doc>Clicks a link identified by ``locator``.</doc>
<status status="PASS" start="2024-05-28T09:56:20.630809" elapsed="0.881044"/>
</kw>
<kw name="Select From List By Value" owner="SeleniumLibrary">
<msg time="2024-05-28T09:56:21.514852" level="INFO">Selecting options from selection list 'id:products-orderby' by value https://demowebshop.tricentis.com/notebooks?orderby=10.</msg>
<arg>id:products-orderby</arg>
<arg>https://demowebshop.tricentis.com/notebooks?orderby=10</arg>
<doc>Selects options from selection list ``locator`` by ``values``.</doc>
<status status="PASS" start="2024-05-28T09:56:21.513855" elapsed="0.908878"/>
</kw>
<kw name="Select From List By Value" owner="SeleniumLibrary">
<msg time="2024-05-28T09:56:22.428713" level="INFO">Selecting options from selection list 'id:products-pagesize' by value https://demowebshop.tricentis.com/notebooks?orderby=10&amp;pagesize=8.</msg>
<arg>id:products-pagesize</arg>
<arg>https://demowebshop.tricentis.com/notebooks?orderby=10&amp;pagesize=8</arg>
<doc>Selects options from selection list ``locator`` by ``values``.</doc>
<status status="PASS" start="2024-05-28T09:56:22.426707" elapsed="0.130148"/>
</kw>
<kw name="Select From List By Value" owner="SeleniumLibrary">
<msg time="2024-05-28T09:56:22.559852" level="INFO">Selecting options from selection list 'id:products-viewmode' by value https://demowebshop.tricentis.com/notebooks?orderby=10&amp;viewmode=grid.</msg>
<arg>id:products-viewmode</arg>
<arg>https://demowebshop.tricentis.com/notebooks?orderby=10&amp;viewmode=grid</arg>
<doc>Selects options from selection list ``locator`` by ``values``.</doc>
<status status="PASS" start="2024-05-28T09:56:22.559852" elapsed="0.094997"/>
</kw>
<kw name="Click Link" owner="SeleniumLibrary">
<msg time="2024-05-28T09:56:22.657849" level="INFO">Clicking link '//a[normalize-space()='14.1-inch Laptop']'.</msg>
<arg>//a[normalize-space()='14.1-inch Laptop']</arg>
<doc>Clicks a link identified by ``locator``.</doc>
<status status="PASS" start="2024-05-28T09:56:22.656849" elapsed="1.918362"/>
</kw>
<kw name="Element Text Should Be" owner="SeleniumLibrary">
<msg time="2024-05-28T09:56:24.579218" level="INFO">Verifying element 'xpath://div[@class='product-name']//child::h1[normalize-space()='14.1-inch Laptop']' contains exact text '14.1-inch Laptop'.</msg>
<arg>${notebook_assert}</arg>
<arg>14.1-inch Laptop</arg>
<doc>Verifies that element ``locator`` contains exact the text ``expected``.</doc>
<status status="PASS" start="2024-05-28T09:56:24.578214" elapsed="0.054823"/>
</kw>
<status status="PASS" start="2024-05-28T09:56:19.583002" elapsed="5.052747"/>
</kw>
<kw name="Close Browser session" owner="GenericResource" type="TEARDOWN">
<kw name="Close Browser" owner="SeleniumLibrary">
<doc>Closes the current browser.</doc>
<status status="PASS" start="2024-05-28T09:56:24.638770" elapsed="2.499405"/>
</kw>
<status status="PASS" start="2024-05-28T09:56:24.637773" elapsed="2.501308"/>
</kw>
<status status="PASS" start="2024-05-28T09:56:11.203923" elapsed="15.936167"/>
</test>
<test id="s1-s1-t3" name="Select the Accessories from computers" line="20">
<kw name="Open the Browser with url" owner="GenericResource" type="SETUP">
<kw name="Create Webdriver" owner="SeleniumLibrary">
<msg time="2024-05-28T09:56:27.158068" level="INFO">Creating an instance of the Chrome WebDriver.</msg>
<arg>Chrome</arg>
<doc>Creates an instance of Selenium WebDriver.</doc>
<status status="PASS" start="2024-05-28T09:56:27.157070" elapsed="2.960572"/>
</kw>
<kw name="Go To" owner="SeleniumLibrary">
<msg time="2024-05-28T09:56:30.124684" level="INFO">Opening url 'https://demowebshop.tricentis.com'</msg>
<arg>${URL}</arg>
<doc>Navigates the current browser window to the provided ``url``.</doc>
<status status="PASS" start="2024-05-28T09:56:30.120678" elapsed="5.126712"/>
</kw>
<kw name="Maximize Browser Window" owner="SeleniumLibrary">
<doc>Maximizes current browser window.</doc>
<status status="PASS" start="2024-05-28T09:56:35.252375" elapsed="0.075409"/>
</kw>
<kw name="Set Selenium Implicit Wait" owner="SeleniumLibrary">
<arg>5</arg>
<doc>Sets the implicit wait value used by Selenium.</doc>
<status status="PASS" start="2024-05-28T09:56:35.333174" elapsed="0.004263"/>
</kw>
<status status="PASS" start="2024-05-28T09:56:27.156077" elapsed="8.182655"/>
</kw>
<kw name="Click the Accessories option" owner="computer">
<kw name="Click Link" owner="SeleniumLibrary">
<msg time="2024-05-28T09:56:35.344129" level="INFO">Clicking link 'css:ul[class='top-menu'] a[href='/computers']'.</msg>
<arg>${computers}</arg>
<doc>Clicks a link identified by ``locator``.</doc>
<status status="PASS" start="2024-05-28T09:56:35.342751" elapsed="0.923130"/>
</kw>
<kw name="Click Link" owner="SeleniumLibrary">
<msg time="2024-05-28T09:56:36.270887" level="INFO">Clicking link 'css:h2[class='title'] a[href='/accessories']'.</msg>
<arg>${Accessories}</arg>
<doc>Clicks a link identified by ``locator``.</doc>
<status status="PASS" start="2024-05-28T09:56:36.269887" elapsed="0.863833"/>
</kw>
<kw name="Select From List By Value" owner="SeleniumLibrary">
<msg time="2024-05-28T09:56:37.139718" level="INFO">Selecting options from selection list 'id:products-orderby' by value https://demowebshop.tricentis.com/accessories?orderby=15.</msg>
<arg>id:products-orderby</arg>
<arg>https://demowebshop.tricentis.com/accessories?orderby=15</arg>
<doc>Selects options from selection list ``locator`` by ``values``.</doc>
<status status="PASS" start="2024-05-28T09:56:37.138710" elapsed="0.798324"/>
</kw>
<kw name="Select From List By Value" owner="SeleniumLibrary">
<msg time="2024-05-28T09:56:37.945028" level="INFO">Selecting options from selection list 'id:products-pagesize' by value https://demowebshop.tricentis.com/accessories?orderby=15&amp;pagesize=8.</msg>
<arg>id:products-pagesize</arg>
<arg>https://demowebshop.tricentis.com/accessories?orderby=15&amp;pagesize=8</arg>
<doc>Selects options from selection list ``locator`` by ``values``.</doc>
<status status="PASS" start="2024-05-28T09:56:37.945028" elapsed="0.085000"/>
</kw>
<kw name="Select From List By Value" owner="SeleniumLibrary">
<msg time="2024-05-28T09:56:38.036029" level="INFO">Selecting options from selection list 'id:products-viewmode' by value https://demowebshop.tricentis.com/accessories?orderby=15&amp;viewmode=grid.</msg>
<arg>id:products-viewmode</arg>
<arg>https://demowebshop.tricentis.com/accessories?orderby=15&amp;viewmode=grid</arg>
<doc>Selects options from selection list ``locator`` by ``values``.</doc>
<status status="PASS" start="2024-05-28T09:56:38.034037" elapsed="0.107007"/>
</kw>
<kw name="Click Link" owner="SeleniumLibrary">
<msg time="2024-05-28T09:56:38.145050" level="INFO">Clicking link '//a[normalize-space()='TCP Self-Paced Training additional month']'.</msg>
<arg>//a[normalize-space()='TCP Self-Paced Training additional month']</arg>
<doc>Clicks a link identified by ``locator``.</doc>
<status status="PASS" start="2024-05-28T09:56:38.144053" elapsed="1.817568"/>
</kw>
<kw name="Element Text Should Be" owner="SeleniumLibrary">
<msg time="2024-05-28T09:56:39.967608" level="INFO">Verifying element 'xpath://div[@class='product-name']' contains exact text 'TCP Self-Paced Training additional month'.</msg>
<arg>${Accessories_assert}</arg>
<arg>TCP Self-Paced Training additional month</arg>
<doc>Verifies that element ``locator`` contains exact the text ``expected``.</doc>
<status status="PASS" start="2024-05-28T09:56:39.966608" elapsed="0.048006"/>
</kw>
<status status="PASS" start="2024-05-28T09:56:35.340748" elapsed="4.678561"/>
</kw>
<kw name="Close Browser session" owner="GenericResource" type="TEARDOWN">
<kw name="Close Browser" owner="SeleniumLibrary">
<doc>Closes the current browser.</doc>
<status status="PASS" start="2024-05-28T09:56:40.022342" elapsed="2.345728"/>
</kw>
<status status="PASS" start="2024-05-28T09:56:40.021343" elapsed="2.347653"/>
</kw>
<status status="PASS" start="2024-05-28T09:56:27.155072" elapsed="15.214924"/>
</test>
<doc>Tests to validate Computer dropdowns</doc>
<status status="PASS" start="2024-05-28T09:55:56.178369" elapsed="46.208033"/>
</suite>
<suite id="s1-s2" name="Test Computerservice" source="D:\final_project\TestCases\Test_Computerservice.robot">
<test id="s1-s2-t1" name="Validate Search Field" line="12">
<kw name="Open the Browser with url" owner="GenericResource" type="SETUP">
<kw name="Create Webdriver" owner="SeleniumLibrary">
<msg time="2024-05-28T09:56:42.499751" level="INFO">Creating an instance of the Chrome WebDriver.</msg>
<arg>Chrome</arg>
<doc>Creates an instance of Selenium WebDriver.</doc>
<status status="PASS" start="2024-05-28T09:56:42.498750" elapsed="2.525800"/>
</kw>
<kw name="Go To" owner="SeleniumLibrary">
<msg time="2024-05-28T09:56:45.025545" level="INFO">Opening url 'https://demowebshop.tricentis.com'</msg>
<arg>${URL}</arg>
<doc>Navigates the current browser window to the provided ``url``.</doc>
<status status="PASS" start="2024-05-28T09:56:45.025545" elapsed="4.350772"/>
</kw>
<kw name="Maximize Browser Window" owner="SeleniumLibrary">
<doc>Maximizes current browser window.</doc>
<status status="PASS" start="2024-05-28T09:56:49.377309" elapsed="0.079095"/>
</kw>
<kw name="Set Selenium Implicit Wait" owner="SeleniumLibrary">
<arg>5</arg>
<doc>Sets the implicit wait value used by Selenium.</doc>
<status status="PASS" start="2024-05-28T09:56:49.456404" elapsed="0.004406"/>
</kw>
<status status="PASS" start="2024-05-28T09:56:42.497751" elapsed="6.964536"/>
</kw>
<kw name="Click the Search field" owner="ComputerService">
<kw name="Click Link" owner="SeleniumLibrary">
<msg time="2024-05-28T09:56:49.471299" level="INFO">Clicking link 'css:div[class='column customer-service'] a[href='/search']'.</msg>
<arg>${search}</arg>
<doc>Clicks a link identified by ``locator``.</doc>
<status status="PASS" start="2024-05-28T09:56:49.471299" elapsed="0.928198"/>
</kw>
<status status="PASS" start="2024-05-28T09:56:49.469345" elapsed="0.934145"/>
</kw>
<kw name="Enter the product" owner="ComputerService">
<kw name="Input Text" owner="SeleniumLibrary">
<msg time="2024-05-28T09:56:50.410663" level="INFO">Typing text 'computer' into text field 'css:input[name='q']'.</msg>
<arg>${input_search}</arg>
<arg>computer</arg>
<doc>Types the given ``text`` into the text field identified by ``locator``.</doc>
<status status="PASS" start="2024-05-28T09:56:50.409503" elapsed="0.314590"/>
</kw>
<status status="PASS" start="2024-05-28T09:56:50.406498" elapsed="0.321670"/>
</kw>
<kw name="Click Search Button" owner="ComputerService">
<kw name="Click Element" owner="SeleniumLibrary">
<msg time="2024-05-28T09:56:50.732165" level="INFO">Clicking element 'css:input[type='submit']'.</msg>
<arg>${search_button}</arg>
<doc>Click the element identified by ``locator``.</doc>
<status status="PASS" start="2024-05-28T09:56:50.731225" elapsed="0.830546"/>
</kw>
<status status="PASS" start="2024-05-28T09:56:50.730244" elapsed="0.833526"/>
</kw>
<kw name="Enter product in search keyword" owner="ComputerService">
<kw name="Input Text" owner="SeleniumLibrary">
<msg time="2024-05-28T09:56:51.568082" level="INFO">Typing text 'computer' into text field 'css:input[class='search-text']'.</msg>
<arg>css:input[class='search-text']</arg>
<arg>computer</arg>
<doc>Types the given ``text`` into the text field identified by ``locator``.</doc>
<status status="PASS" start="2024-05-28T09:56:51.567091" elapsed="0.283413"/>
</kw>
<status status="PASS" start="2024-05-28T09:56:51.566070" elapsed="0.287431"/>
</kw>
<kw name="Select the checkbox options Advance Search" owner="ComputerService">
<kw name="Select Checkbox" owner="SeleniumLibrary">
<msg time="2024-05-28T09:56:51.857574" level="INFO">Selecting checkbox 'id:As'.</msg>
<arg>id:As</arg>
<doc>Selects the checkbox identified by ``locator``.</doc>
<status status="PASS" start="2024-05-28T09:56:51.856595" elapsed="0.239469"/>
</kw>
<kw name="Checkbox Should Be Selected" owner="SeleniumLibrary">
<msg time="2024-05-28T09:56:52.099315" level="INFO">Verifying checkbox 'id:As' is selected.</msg>
<arg>id:As</arg>
<doc>Verifies checkbox ``locator`` is selected/checked.</doc>
<status status="PASS" start="2024-05-28T09:56:52.099315" elapsed="0.078953"/>
</kw>
<status status="PASS" start="2024-05-28T09:56:51.855578" elapsed="0.326631"/>
</kw>
<kw name="Fill the details of Advance Search" owner="ComputerService">
<kw name="Select From List By Value" owner="SeleniumLibrary">
<msg time="2024-05-28T09:56:52.186223" level="INFO">Selecting options from selection list 'id:Cid' by value 2.</msg>
<arg>id:Cid</arg>
<arg>2</arg>
<doc>Selects options from selection list ``locator`` by ``values``.</doc>
<status status="PASS" start="2024-05-28T09:56:52.184224" elapsed="0.212699"/>
</kw>
<kw name="Select Checkbox" owner="SeleniumLibrary">
<msg time="2024-05-28T09:56:52.401929" level="INFO">Selecting checkbox 'id:Isc'.</msg>
<arg>id:Isc</arg>
<doc>Selects the checkbox identified by ``locator``.</doc>
<status status="PASS" start="2024-05-28T09:56:52.400927" elapsed="0.162414"/>
</kw>
<kw name="Select From List By Value" owner="SeleniumLibrary">
<msg time="2024-05-28T09:56:52.567528" level="INFO">Selecting options from selection list 'id:Mid' by value 0.</msg>
<arg>id:Mid</arg>
<arg>0</arg>
<doc>Selects options from selection list ``locator`` by ``values``.</doc>
<status status="PASS" start="2024-05-28T09:56:52.567528" elapsed="0.076174"/>
</kw>
<kw name="Input Text" owner="SeleniumLibrary">
<msg time="2024-05-28T09:56:52.645716" level="INFO">Typing text '500' into text field 'css:input[class='price-from']'.</msg>
<arg>css:input[class='price-from']</arg>
<arg>500</arg>
<doc>Types the given ``text`` into the text field identified by ``locator``.</doc>
<status status="PASS" start="2024-05-28T09:56:52.645716" elapsed="0.179511"/>
</kw>
<kw name="Input Text" owner="SeleniumLibrary">
<msg time="2024-05-28T09:56:52.830190" level="INFO">Typing text '2000' into text field 'css:input[class='price-to']'.</msg>
<arg>css:input[class='price-to']</arg>
<arg>2000</arg>
<doc>Types the given ``text`` into the text field identified by ``locator``.</doc>
<status status="PASS" start="2024-05-28T09:56:52.829192" elapsed="0.200198"/>
</kw>
<status status="PASS" start="2024-05-28T09:56:52.184224" elapsed="0.849030"/>
</kw>
<kw name="Click search" owner="ComputerService">
<kw name="Click Button" owner="SeleniumLibrary">
<msg time="2024-05-28T09:56:53.038254" level="INFO">Clicking button 'css:input[class='button-1 search-button']'.</msg>
<arg>css:input[class='button-1 search-button']</arg>
<doc>Clicks the button identified by ``locator``.</doc>
<status status="PASS" start="2024-05-28T09:56:53.036290" elapsed="2.932148"/>
</kw>
<status status="PASS" start="2024-05-28T09:56:53.035266" elapsed="2.935161"/>
</kw>
<kw name="List the Computers" owner="ComputerService">
<kw name="Get Element Count" owner="SeleniumLibrary">
<msg time="2024-05-28T09:56:56.011195" level="INFO">${count} = 4</msg>
<var>${count}</var>
<arg>${product_list}</arg>
<doc>Returns the number of elements matching ``locator``.</doc>
<status status="PASS" start="2024-05-28T09:56:55.974424" elapsed="0.036771"/>
</kw>
<kw name="Should Be Equal As Integers" owner="BuiltIn">
<msg time="2024-05-28T09:56:56.016191" level="INFO">Argument types are:
&lt;class 'int'&gt;
&lt;class 'str'&gt;</msg>
<arg>${count}</arg>
<arg>4</arg>
<doc>Fails if objects are unequal after converting them to integers.</doc>
<status status="PASS" start="2024-05-28T09:56:56.014193" elapsed="0.002994"/>
</kw>
<status status="PASS" start="2024-05-28T09:56:55.972459" elapsed="0.047724"/>
</kw>
<kw name="Close Browser session" owner="GenericResource" type="TEARDOWN">
<kw name="Close Browser" owner="SeleniumLibrary">
<doc>Closes the current browser.</doc>
<status status="PASS" start="2024-05-28T09:56:56.025480" elapsed="2.386969"/>
</kw>
<status status="PASS" start="2024-05-28T09:56:56.023479" elapsed="2.390009"/>
</kw>
<status status="PASS" start="2024-05-28T09:56:42.495756" elapsed="15.919238"/>
</test>
<test id="s1-s2-t2" name="Validate for news field" line="30">
<kw name="Open the Browser with url" owner="GenericResource" type="SETUP">
<kw name="Create Webdriver" owner="SeleniumLibrary">
<msg time="2024-05-28T09:56:58.434038" level="INFO">Creating an instance of the Chrome WebDriver.</msg>
<arg>Chrome</arg>
<doc>Creates an instance of Selenium WebDriver.</doc>
<status status="PASS" start="2024-05-28T09:56:58.434038" elapsed="2.278057"/>
</kw>
<kw name="Go To" owner="SeleniumLibrary">
<msg time="2024-05-28T09:57:00.715098" level="INFO">Opening url 'https://demowebshop.tricentis.com'</msg>
<arg>${URL}</arg>
<doc>Navigates the current browser window to the provided ``url``.</doc>
<status status="PASS" start="2024-05-28T09:57:00.714095" elapsed="3.448937"/>
</kw>
<kw name="Maximize Browser Window" owner="SeleniumLibrary">
<doc>Maximizes current browser window.</doc>
<status status="PASS" start="2024-05-28T09:57:04.166194" elapsed="0.064822"/>
</kw>
<kw name="Set Selenium Implicit Wait" owner="SeleniumLibrary">
<arg>5</arg>
<doc>Sets the implicit wait value used by Selenium.</doc>
<status status="PASS" start="2024-05-28T09:57:04.232013" elapsed="0.003997"/>
</kw>
<status status="PASS" start="2024-05-28T09:56:58.433020" elapsed="5.803989"/>
</kw>
<kw name="click the news field" owner="ComputerService">
<kw name="Click Link" owner="SeleniumLibrary">
<msg time="2024-05-28T09:57:04.241009" level="INFO">Clicking link 'css:a[href='/news']'.</msg>
<arg>${news}</arg>
<doc>Clicks a link identified by ``locator``.</doc>
<status status="PASS" start="2024-05-28T09:57:04.240011" elapsed="0.881125"/>
</kw>
<kw name="Element Text Should Be" owner="SeleniumLibrary">
<msg time="2024-05-28T09:57:05.128768" level="INFO">Verifying element 'xpath://div[@class='page-title']//child::h1' contains exact text 'News'.</msg>
<arg>${news_assert}</arg>
<arg>News</arg>
<doc>Verifies that element ``locator`` contains exact the text ``expected``.</doc>
<status status="PASS" start="2024-05-28T09:57:05.127761" elapsed="0.048676"/>
</kw>
<status status="PASS" start="2024-05-28T09:57:04.238012" elapsed="0.941445"/>
</kw>
<kw name="click details in news" owner="ComputerService">
<kw name="Click Link" owner="SeleniumLibrary">
<msg time="2024-05-28T09:57:05.185403" level="INFO">Clicking link '//a[normalize-space()='details' and @href='/new-online-store-is-open']'.</msg>
<arg>//a[normalize-space()='details' and @href='/new-online-store-is-open']</arg>
<doc>Clicks a link identified by ``locator``.</doc>
<status status="PASS" start="2024-05-28T09:57:05.182383" elapsed="6.882853"/>
</kw>
<status status="PASS" start="2024-05-28T09:57:05.180439" elapsed="6.887303"/>
</kw>
<kw name="Fill the title" owner="ComputerService">
<kw name="Input Text" owner="SeleniumLibrary">
<msg time="2024-05-28T09:57:12.071243" level="INFO">Typing text 'hai' into text field '//input[@id='AddNewComment_CommentTitle']'.</msg>
<arg>//input[@id='AddNewComment_CommentTitle']</arg>
<arg>hai</arg>
<doc>Types the given ``text`` into the text field identified by ``locator``.</doc>
<status status="PASS" start="2024-05-28T09:57:12.070251" elapsed="0.258026"/>
</kw>
<status status="PASS" start="2024-05-28T09:57:12.069234" elapsed="0.261176"/>
</kw>
<kw name="Fill the Comment" owner="ComputerService">
<kw name="Input Text" owner="SeleniumLibrary">
<msg time="2024-05-28T09:57:12.336442" level="INFO">Typing text 'I love red color,yercaurd and my home' into text field '//textarea[@id='AddNewComment_CommentText']'.</msg>
<arg>//textarea[@id='AddNewComment_CommentText']</arg>
<arg>I love red color,yercaurd and my home</arg>
<doc>Types the given ``text`` into the text field identified by ``locator``.</doc>
<status status="PASS" start="2024-05-28T09:57:12.335422" elapsed="0.296100"/>
</kw>
<status status="PASS" start="2024-05-28T09:57:12.334471" elapsed="0.301006"/>
</kw>
<kw name="Click new comment" owner="ComputerService">
<kw name="Click Element" owner="SeleniumLibrary">
<msg time="2024-05-28T09:57:12.638481" level="INFO">Clicking element '//input[@class='button-1 news-item-add-comment-button']'.</msg>
<arg>//input[@class='button-1 news-item-add-comment-button']</arg>
<doc>Click the element identified by ``locator``.</doc>
<status status="PASS" start="2024-05-28T09:57:12.637482" elapsed="9.137668"/>
</kw>
<status status="PASS" start="2024-05-28T09:57:12.636463" elapsed="9.141681"/>
</kw>
<kw name="Close Browser session" owner="GenericResource" type="TEARDOWN">
<kw name="Close Browser" owner="SeleniumLibrary">
<doc>Closes the current browser.</doc>
<status status="PASS" start="2024-05-28T09:57:21.784384" elapsed="2.634884"/>
</kw>
<status status="PASS" start="2024-05-28T09:57:21.780132" elapsed="2.640187"/>
</kw>
<status status="PASS" start="2024-05-28T09:56:58.430019" elapsed="25.991275"/>
</test>
<test id="s1-s2-t3" name="Validate the blog field" line="37">
<kw name="Open the Browser with url" owner="GenericResource" type="SETUP">
<kw name="Create Webdriver" owner="SeleniumLibrary">
<msg time="2024-05-28T09:57:24.438255" level="INFO">Creating an instance of the Chrome WebDriver.</msg>
<arg>Chrome</arg>
<doc>Creates an instance of Selenium WebDriver.</doc>
<status status="PASS" start="2024-05-28T09:57:24.438255" elapsed="3.295399"/>
</kw>
<kw name="Go To" owner="SeleniumLibrary">
<msg time="2024-05-28T09:57:27.737596" level="INFO">Opening url 'https://demowebshop.tricentis.com'</msg>
<arg>${URL}</arg>
<doc>Navigates the current browser window to the provided ``url``.</doc>
<status status="PASS" start="2024-05-28T09:57:27.736593" elapsed="4.816904"/>
</kw>
<kw name="Maximize Browser Window" owner="SeleniumLibrary">
<doc>Maximizes current browser window.</doc>
<status status="PASS" start="2024-05-28T09:57:32.556970" elapsed="0.212904"/>
</kw>
<kw name="Set Selenium Implicit Wait" owner="SeleniumLibrary">
<arg>5</arg>
<doc>Sets the implicit wait value used by Selenium.</doc>
<status status="PASS" start="2024-05-28T09:57:32.770875" elapsed="0.005026"/>
</kw>
<status status="PASS" start="2024-05-28T09:57:24.437268" elapsed="8.339605"/>
</kw>
<kw name="Click the blog field" owner="ComputerService">
<kw name="Click Link" owner="SeleniumLibrary">
<msg time="2024-05-28T09:57:32.784905" level="INFO">Clicking link 'css:a[href='/blog']'.</msg>
<arg>${blogs}</arg>
<doc>Clicks a link identified by ``locator``.</doc>
<status status="PASS" start="2024-05-28T09:57:32.778866" elapsed="1.146692"/>
</kw>
<kw name="Element Text Should Be" owner="SeleniumLibrary">
<msg time="2024-05-28T09:57:33.931836" level="INFO">Verifying element 'xpath://div[@class='page-title']//child::h1' contains exact text 'Blog'.</msg>
<arg>${blog_assert}</arg>
<arg>Blog</arg>
<doc>Verifies that element ``locator`` contains exact the text ``expected``.</doc>
<status status="PASS" start="2024-05-28T09:57:33.930762" elapsed="0.071504"/>
</kw>
<status status="PASS" start="2024-05-28T09:57:32.777865" elapsed="1.227104"/>
</kw>
<kw name="Blog Title" owner="ComputerService">
<kw name="Element Text Should Be" owner="SeleniumLibrary">
<msg time="2024-05-28T09:57:34.006968" level="INFO">Verifying element 'xpath://a[text()='Customer Service - Client Service']' contains exact text 'Customer Service - Client Service'.</msg>
<arg>${blog_title}</arg>
<arg>Customer Service - Client Service</arg>
<doc>Verifies that element ``locator`` contains exact the text ``expected``.</doc>
<status status="PASS" start="2024-05-28T09:57:34.006968" elapsed="0.045445"/>
</kw>
<status status="PASS" start="2024-05-28T09:57:34.005970" elapsed="0.050450"/>
</kw>
<kw name="Blog Links" owner="ComputerService">
<kw name="Click Link" owner="SeleniumLibrary">
<msg time="2024-05-28T09:57:34.058454" level="INFO">Clicking link '//ul[@class='tags']//a[text()='e-commerce']'.</msg>
<arg>//ul[@class='tags']//a[text()='e-commerce']</arg>
<doc>Clicks a link identified by ``locator``.</doc>
<status status="PASS" start="2024-05-28T09:57:34.057416" elapsed="0.595429"/>
</kw>
<kw name="Element Text Should Be" owner="SeleniumLibrary">
<msg time="2024-05-28T09:57:34.657845" level="INFO">Verifying element 'xpath://div[@class='page-title']//child::h1' contains exact text 'Blog posts tagged with 'e-commerce''.</msg>
<arg>${blog_link}</arg>
<arg>Blog posts tagged with 'e-commerce'</arg>
<doc>Verifies that element ``locator`` contains exact the text ``expected``.</doc>
<status status="PASS" start="2024-05-28T09:57:34.656849" elapsed="0.048376"/>
</kw>
<status status="PASS" start="2024-05-28T09:57:34.057416" elapsed="0.649804"/>
</kw>
<kw name="Close Browser session" owner="GenericResource" type="TEARDOWN">
<kw name="Close Browser" owner="SeleniumLibrary">
<doc>Closes the current browser.</doc>
<status status="PASS" start="2024-05-28T09:57:34.708226" elapsed="2.583809"/>
</kw>
<status status="PASS" start="2024-05-28T09:57:34.708226" elapsed="2.584951"/>
</kw>
<status status="PASS" start="2024-05-28T09:57:24.435255" elapsed="12.860910"/>
</test>
<test id="s1-s2-t4" name="Validate recently viewed products" line="42">
<kw name="Open the Browser with url" owner="GenericResource" type="SETUP">
<kw name="Create Webdriver" owner="SeleniumLibrary">
<msg time="2024-05-28T09:57:37.324290" level="INFO">Creating an instance of the Chrome WebDriver.</msg>
<arg>Chrome</arg>
<doc>Creates an instance of Selenium WebDriver.</doc>
<status status="PASS" start="2024-05-28T09:57:37.324290" elapsed="2.526915"/>
</kw>
<kw name="Go To" owner="SeleniumLibrary">
<msg time="2024-05-28T09:57:39.855440" level="INFO">Opening url 'https://demowebshop.tricentis.com'</msg>
<arg>${URL}</arg>
<doc>Navigates the current browser window to the provided ``url``.</doc>
<status status="PASS" start="2024-05-28T09:57:39.854362" elapsed="5.050537"/>
</kw>
<kw name="Maximize Browser Window" owner="SeleniumLibrary">
<doc>Maximizes current browser window.</doc>
<status status="PASS" start="2024-05-28T09:57:44.927412" elapsed="0.130729"/>
</kw>
<kw name="Set Selenium Implicit Wait" owner="SeleniumLibrary">
<arg>5</arg>
<doc>Sets the implicit wait value used by Selenium.</doc>
<status status="PASS" start="2024-05-28T09:57:45.059139" elapsed="0.001996"/>
</kw>
<status status="PASS" start="2024-05-28T09:57:37.323290" elapsed="7.738841"/>
</kw>
<kw name="Validate Recently viewed products" owner="ComputerService">
<kw name="Click Link" owner="SeleniumLibrary">
<msg time="2024-05-28T09:57:45.064130" level="INFO">Clicking link '//a[@href='/recentlyviewedproducts']'.</msg>
<arg>${RECENTLY_VIEWED_LINK}</arg>
<doc>Clicks a link identified by ``locator``.</doc>
<status status="PASS" start="2024-05-28T09:57:45.064130" elapsed="0.661898"/>
</kw>
<kw name="Element Text Should Be" owner="SeleniumLibrary">
<msg time="2024-05-28T09:57:45.732036" level="INFO">Verifying element '//div[@class='page-title']//child::h1' contains exact text 'Recently viewed products'.</msg>
<arg>${recently_viewed_assert}</arg>
<arg>Recently viewed products</arg>
<doc>Verifies that element ``locator`` contains exact the text ``expected``.</doc>
<status status="PASS" start="2024-05-28T09:57:45.730024" elapsed="0.046999"/>
</kw>
<status status="PASS" start="2024-05-28T09:57:45.063199" elapsed="0.715874"/>
</kw>
<kw name="Close Browser session" owner="GenericResource" type="TEARDOWN">
<kw name="Close Browser" owner="SeleniumLibrary">
<doc>Closes the current browser.</doc>
<status status="PASS" start="2024-05-28T09:57:45.781024" elapsed="2.296617"/>
</kw>
<status status="PASS" start="2024-05-28T09:57:45.781024" elapsed="2.296617"/>
</kw>
<status status="PASS" start="2024-05-28T09:57:37.321281" elapsed="10.757411"/>
</test>
<doc>Tests to validate Computer service</doc>
<status status="PASS" start="2024-05-28T09:56:42.406480" elapsed="65.694026"/>
</suite>
<status status="PASS" start="2024-05-28T09:55:56.155979" elapsed="111.977734"/>
</suite>
<statistics>
<total>
<stat pass="7" fail="0" skip="0">All Tests</stat>
</total>
<tag>
<stat pass="1" fail="0" skip="0">smoke</stat>
</tag>
<suite>
<stat pass="7" fail="0" skip="0" id="s1" name="TestCases">TestCases</stat>
<stat pass="3" fail="0" skip="0" id="s1-s1" name="Test Computers">TestCases.Test Computers</stat>
<stat pass="4" fail="0" skip="0" id="s1-s2" name="Test Computerservice">TestCases.Test Computerservice</stat>
</suite>
</statistics>
<errors>
</errors>
</robot>
